#
# There is insufficient memory for the Java Runtime Environment to continue.
# Native memory allocation (malloc) failed to allocate 32744 bytes. Error detail: Chunk::new
# Possible reasons:
#   The system is out of physical RAM or swap space
#   This process is running with CompressedOops enabled, and the Java Heap may be blocking the growth of the native heap
# Possible solutions:
#   Reduce memory load on the system
#   Increase physical memory or swap space
#   Check if swap backing store is full
#   Decrease Java heap size (-Xmx/-Xms)
#   Decrease number of Java threads
#   Decrease Java thread stack sizes (-Xss)
#   Set larger code cache with -XX:ReservedCodeCacheSize=
#   JVM is running with Unscaled Compressed Oops mode in which the Java heap is
#     placed in the first 4GB address space. The Java Heap base address is the
#     maximum limit for the native heap growth. Please use -XX:HeapBaseMinAddress
#     to set the Java Heap base and to place the Java Heap above 4GB virtual address.
# This output file may be truncated or incomplete.
#
#  Out of Memory Error (arena.cpp:149), pid=52000, tid=87896
#
# JRE version: Java(TM) SE Runtime Environment (23.0.2+7) (build 23.0.2+7-58)
# Java VM: Java HotSpot(TM) 64-Bit Server VM (23.0.2+7-58, mixed mode, sharing, tiered, compressed oops, compressed class ptrs, g1 gc, windows-amd64)
# No core dump will be written. Minidumps are not enabled by default on client versions of Windows
#

---------------  S U M M A R Y ------------

Command Line: -Dfile.encoding=UTF-8 --module-path=C:\Users\smshu\OneDrive\Documents\NetBeansProjects\bank management syste\build\classes bank.management.syste.SignupOne

Host: AMD Ryzen 5 7520U with Radeon Graphics         , 8 cores, 5G,  Windows 11 , 64 bit Build 22621 (10.0.22621.5415)
Time: Tue Jul 22 16:07:24 2025 India Standard Time elapsed time: 1.041541 seconds (0d 0h 0m 1s)

---------------  T H R E A D  ---------------

Current thread (0x00000195d75ef4f0):  JavaThread "C2 CompilerThread0" daemon [_thread_in_native, id=87896, stack(0x0000008002300000,0x0000008002400000) (1024K)]


Current CompileTask:
C2:1041 1053   !   4       sun.font.TrueTypeFont::getTableBuffer (208 bytes)

Stack: [0x0000008002300000,0x0000008002400000]
Native frames: (J=compiled Java code, j=interpreted, Vv=VM code, C=native code)
V  [jvm.dll+0x6e0b99]  (no source info available)
V  [jvm.dll+0x87e2b3]  (no source info available)
V  [jvm.dll+0x88073e]  (no source info available)
V  [jvm.dll+0x880e13]  (no source info available)
V  [jvm.dll+0x27b006]  (no source info available)
V  [jvm.dll+0xbc06f]  (no source info available)
V  [jvm.dll+0xbc2cb]  (no source info available)
V  [jvm.dll+0x2058e9]  (no source info available)
V  [jvm.dll+0x206f23]  (no source info available)
V  [jvm.dll+0x2051ae]  (no source info available)
V  [jvm.dll+0x20491c]  (no source info available)
V  [jvm.dll+0x20575c]  (no source info available)
V  [jvm.dll+0x204b7e]  (no source info available)
V  [jvm.dll+0x1ef170]  (no source info available)
V  [jvm.dll+0x143ed7]  (no source info available)
V  [jvm.dll+0x2ebc28]  (no source info available)
V  [jvm.dll+0x2edc03]  (no source info available)
V  [jvm.dll+0x6f9c87]  (no source info available)
V  [jvm.dll+0x6f1fdf]  (no source info available)
V  [jvm.dll+0x6f1417]  (no source info available)
V  [jvm.dll+0x6ef5e5]  (no source info available)
V  [jvm.dll+0x1c655c]  (no source info available)
V  [jvm.dll+0x1c70db]  (no source info available)
V  [jvm.dll+0x2edc7f]  (no source info available)
V  [jvm.dll+0x6f9c87]  (no source info available)
V  [jvm.dll+0x6f1fdf]  (no source info available)
V  [jvm.dll+0x6f1417]  (no source info available)
V  [jvm.dll+0x6ef5e5]  (no source info available)
V  [jvm.dll+0x1c655c]  (no source info available)
V  [jvm.dll+0x1c70db]  (no source info available)
V  [jvm.dll+0x2edc7f]  (no source info available)
V  [jvm.dll+0x6f9c87]  (no source info available)
V  [jvm.dll+0x6f1fdf]  (no source info available)
V  [jvm.dll+0x6f1417]  (no source info available)
V  [jvm.dll+0x6ef5e5]  (no source info available)
V  [jvm.dll+0x1c655c]  (no source info available)
V  [jvm.dll+0x1c70db]  (no source info available)
V  [jvm.dll+0x2edc7f]  (no source info available)
V  [jvm.dll+0x6f9c87]  (no source info available)
V  [jvm.dll+0x6f1fdf]  (no source info available)
V  [jvm.dll+0x6f1417]  (no source info available)
V  [jvm.dll+0x6ef5e5]  (no source info available)
V  [jvm.dll+0x1c655c]  (no source info available)
V  [jvm.dll+0x1c70db]  (no source info available)
V  [jvm.dll+0x2edc7f]  (no source info available)
V  [jvm.dll+0x6f9c87]  (no source info available)
V  [jvm.dll+0x6f1fdf]  (no source info available)
V  [jvm.dll+0x6f1417]  (no source info available)
V  [jvm.dll+0x6ef5e5]  (no source info available)
V  [jvm.dll+0x1c655c]  (no source info available)
V  [jvm.dll+0x1c70db]  (no source info available)
V  [jvm.dll+0x2edc7f]  (no source info available)
V  [jvm.dll+0x6f9c87]  (no source info available)
V  [jvm.dll+0x6f1fdf]  (no source info available)
V  [jvm.dll+0x6f1417]  (no source info available)
V  [jvm.dll+0x6ef5e5]  (no source info available)
V  [jvm.dll+0x1c655c]  (no source info available)
V  [jvm.dll+0x2edc7f]  (no source info available)
V  [jvm.dll+0x6f9c87]  (no source info available)
V  [jvm.dll+0x6f1fdf]  (no source info available)
V  [jvm.dll+0x6f1417]  (no source info available)
V  [jvm.dll+0x6ef5e5]  (no source info available)
V  [jvm.dll+0x1c655c]  (no source info available)
V  [jvm.dll+0x1c70db]  (no source info available)
V  [jvm.dll+0x2edc7f]  (no source info available)
V  [jvm.dll+0x6f9c87]  (no source info available)
V  [jvm.dll+0x6f1fdf]  (no source info available)
V  [jvm.dll+0x6f1417]  (no source info available)
V  [jvm.dll+0x6ef5e5]  (no source info available)
V  [jvm.dll+0x1c655c]  (no source info available)
V  [jvm.dll+0x2edc7f]  (no source info available)
V  [jvm.dll+0x6f9c87]  (no source info available)
V  [jvm.dll+0x6f1fdf]  (no source info available)
V  [jvm.dll+0x6f1417]  (no source info available)
V  [jvm.dll+0x6ef5e5]  (no source info available)
V  [jvm.dll+0x1c655c]  (no source info available)
V  [jvm.dll+0x2edc7f]  (no source info available)
V  [jvm.dll+0x6f9c87]  (no source info available)
V  [jvm.dll+0x6f1fdf]  (no source info available)
V  [jvm.dll+0x6f1417]  (no source info available)
V  [jvm.dll+0x6ef5e5]  (no source info available)
V  [jvm.dll+0x1c655c]  (no source info available)
V  [jvm.dll+0x1c70db]  (no source info available)
V  [jvm.dll+0x2edc7f]  (no source info available)
V  [jvm.dll+0x6f9c87]  (no source info available)
V  [jvm.dll+0x6f1fdf]  (no source info available)
V  [jvm.dll+0x6f1417]  (no source info available)
V  [jvm.dll+0x6ef5e5]  (no source info available)
V  [jvm.dll+0x1c655c]  (no source info available)
V  [jvm.dll+0x1c70db]  (no source info available)
V  [jvm.dll+0x2edc7f]  (no source info available)
V  [jvm.dll+0x6f9c87]  (no source info available)
V  [jvm.dll+0x6f1fdf]  (no source info available)
V  [jvm.dll+0x6f1417]  (no source info available)
V  [jvm.dll+0x6ef5e5]  (no source info available)
V  [jvm.dll+0x1c655c]  (no source info available)
V  [jvm.dll+0x243abc]  (no source info available)
V  [jvm.dll+0x1c34b0]  (no source info available)
V  [jvm.dll+0x253df1]  (no source info available)
...<more frames>...

Lock stack of current Java thread (top to bottom):


---------------  P R O C E S S  ---------------

Threads class SMR info:
_java_thread_list=0x000001961dafaa90, length=15, elements={
0x00000195d75e1460, 0x00000195d75e4fe0, 0x00000195d75e5ee0, 0x00000195d75e6940,
0x00000195d75ea5b0, 0x00000195d75eb2f0, 0x00000195d75ef4f0, 0x00000195d75f0ce0,
0x00000195d76e4480, 0x00000195d7881620, 0x00000195d791f1d0, 0x00000195d7924310,
0x00000195d7928750, 0x000001961db6bae0, 0x00000195b927a420
}

Java Threads: ( => current thread )
  0x00000195d75e1460 JavaThread "Reference Handler"          daemon [_thread_blocked, id=18180, stack(0x0000008001d00000,0x0000008001e00000) (1024K)]
  0x00000195d75e4fe0 JavaThread "Finalizer"                  daemon [_thread_blocked, id=87672, stack(0x0000008001e00000,0x0000008001f00000) (1024K)]
  0x00000195d75e5ee0 JavaThread "Signal Dispatcher"          daemon [_thread_blocked, id=79188, stack(0x0000008001f00000,0x0000008002000000) (1024K)]
  0x00000195d75e6940 JavaThread "Attach Listener"            daemon [_thread_blocked, id=75564, stack(0x0000008002000000,0x0000008002100000) (1024K)]
  0x00000195d75ea5b0 JavaThread "Service Thread"             daemon [_thread_blocked, id=86380, stack(0x0000008002100000,0x0000008002200000) (1024K)]
  0x00000195d75eb2f0 JavaThread "Monitor Deflation Thread"   daemon [_thread_blocked, id=84384, stack(0x0000008002200000,0x0000008002300000) (1024K)]
=>0x00000195d75ef4f0 JavaThread "C2 CompilerThread0"         daemon [_thread_in_native, id=87896, stack(0x0000008002300000,0x0000008002400000) (1024K)]
  0x00000195d75f0ce0 JavaThread "C1 CompilerThread0"         daemon [_thread_in_vm, id=13416, stack(0x0000008002400000,0x0000008002500000) (1024K)]
  0x00000195d76e4480 JavaThread "Common-Cleaner"             daemon [_thread_blocked, id=87832, stack(0x0000008002500000,0x0000008002600000) (1024K)]
  0x00000195d7881620 JavaThread "Notification Thread"        daemon [_thread_blocked, id=13172, stack(0x0000008002600000,0x0000008002700000) (1024K)]
  0x00000195d791f1d0 JavaThread "Java2D Disposer"            daemon [_thread_blocked, id=11064, stack(0x0000008002700000,0x0000008002800000) (1024K)]
  0x00000195d7924310 JavaThread "AWT-Shutdown"                      [_thread_blocked, id=87252, stack(0x0000008002800000,0x0000008002900000) (1024K)]
  0x00000195d7928750 JavaThread "AWT-Windows"                daemon [_thread_in_native, id=72452, stack(0x0000008002900000,0x0000008002a00000) (1024K)]
  0x000001961db6bae0 JavaThread "AWT-EventQueue-0"                  [_thread_blocked, id=76880, stack(0x0000008002a00000,0x0000008002b00000) (1024K)]
  0x00000195b927a420 JavaThread "DestroyJavaVM"                     [_thread_blocked, id=85152, stack(0x0000008001500000,0x0000008001600000) (1024K)]
Total: 15

Other Threads:
  0x00000195d75c6f90 VMThread "VM Thread"                           [id=16040, stack(0x0000008001c00000,0x0000008001d00000) (1024K)] _threads_hazard_ptr=0x000001961dafaa90
  0x00000195d75b2550 WatcherThread "VM Periodic Task Thread"        [id=87112, stack(0x0000008001b00000,0x0000008001c00000) (1024K)]
  0x00000195bb4f1f60 WorkerThread "GC Thread#0"                     [id=60004, stack(0x0000008001600000,0x0000008001700000) (1024K)]
  0x00000195bb501470 ConcurrentGCThread "G1 Main Marker"            [id=80412, stack(0x0000008001700000,0x0000008001800000) (1024K)]
  0x00000195bb502850 WorkerThread "G1 Conc#0"                       [id=86236, stack(0x0000008001800000,0x0000008001900000) (1024K)]
  0x00000195bb55e290 ConcurrentGCThread "G1 Refine#0"               [id=86344, stack(0x0000008001900000,0x0000008001a00000) (1024K)]
  0x00000195d74860e0 ConcurrentGCThread "G1 Service"                [id=77248, stack(0x0000008001a00000,0x0000008001b00000) (1024K)]
Total: 7

Threads with active compile tasks:
C2 CompilerThread0  1127 1053   !   4       sun.font.TrueTypeFont::getTableBuffer (208 bytes)
C1 CompilerThread0  1127 1059   !   3       sun.font.TrueTypeFont::getAllFullNames (30 bytes)
Total: 2

VM state: not at safepoint (normal execution)

VM Mutex/Monitor currently owned by a thread: None

Heap address: 0x00000000a4200000, size: 1470 MB, Compressed Oops mode: 32-bit

CDS archive(s) mapped at: [0x00000195d8000000-0x00000195d8d70000-0x00000195d8d70000), size 14090240, SharedBaseAddress: 0x00000195d8000000, ArchiveRelocationMode: 1.
Compressed class space mapped at: 0x00000195d9000000-0x0000019619000000, reserved size: 1073741824
Narrow klass base: 0x00000195d8000000, Narrow klass shift: 0, Narrow klass range: 0x41000000

GC Precious Log:
 CardTable entry size: 512
 Card Set container configuration: InlinePtr #cards 5 size 8 Array Of Cards #cards 10 size 36 Howl #buckets 4 coarsen threshold 1843 Howl Bitmap #cards 512 size 80 coarsen threshold 460 Card regions per heap region 1 cards per card region 2048
 CPUs: 8 total, 8 available
 Memory: 5877M
 Large Page Support: Disabled
 NUMA Support: Disabled
 Compressed Oops: Enabled (32-bit)
 Heap Region Size: 1M
 Heap Min Capacity: 8M
 Heap Initial Capacity: 92M
 Heap Max Capacity: 1470M
 Pre-touch: Disabled
 Parallel Workers: 8
 Concurrent Workers: 2
 Concurrent Refinement Workers: 8
 Periodic GC: Disabled

Heap:
 garbage-first heap   total reserved 1505280K, committed 94208K, used 19456K [0x00000000a4200000, 0x0000000100000000)
  region size 1024K, 16 young (16384K), 0 survivors (0K)
 Metaspace       used 6343K, committed 6592K, reserved 1114112K
  class space    used 673K, committed 768K, reserved 1048576K

Heap Regions: E=young(eden), S=young(survivor), O=old, HS=humongous(starts), HC=humongous(continues), CS=collection set, F=free, TAMS=top-at-mark-start, PB=parsable bottom
|   0|0x00000000a4200000, 0x00000000a4300000, 0x00000000a4300000|100%|HS|  |TAMS 0x00000000a4200000| PB 0x00000000a4200000| Complete |  0
|   1|0x00000000a4300000, 0x00000000a4400000, 0x00000000a4400000|100%|HC|  |TAMS 0x00000000a4300000| PB 0x00000000a4300000| Complete |  0
|   2|0x00000000a4400000, 0x00000000a4500000, 0x00000000a4500000|100%|HC|  |TAMS 0x00000000a4400000| PB 0x00000000a4400000| Complete |  0
|   3|0x00000000a4500000, 0x00000000a4600000, 0x00000000a4600000|100%|HC|  |TAMS 0x00000000a4500000| PB 0x00000000a4500000| Complete |  0
|   4|0x00000000a4600000, 0x00000000a4600000, 0x00000000a4700000|  0%| F|  |TAMS 0x00000000a4600000| PB 0x00000000a4600000| Untracked |  0
|   5|0x00000000a4700000, 0x00000000a4700000, 0x00000000a4800000|  0%| F|  |TAMS 0x00000000a4700000| PB 0x00000000a4700000| Untracked |  0
|   6|0x00000000a4800000, 0x00000000a4800000, 0x00000000a4900000|  0%| F|  |TAMS 0x00000000a4800000| PB 0x00000000a4800000| Untracked |  0
|   7|0x00000000a4900000, 0x00000000a4900000, 0x00000000a4a00000|  0%| F|  |TAMS 0x00000000a4900000| PB 0x00000000a4900000| Untracked |  0
|   8|0x00000000a4a00000, 0x00000000a4a00000, 0x00000000a4b00000|  0%| F|  |TAMS 0x00000000a4a00000| PB 0x00000000a4a00000| Untracked |  0
|   9|0x00000000a4b00000, 0x00000000a4b00000, 0x00000000a4c00000|  0%| F|  |TAMS 0x00000000a4b00000| PB 0x00000000a4b00000| Untracked |  0
|  10|0x00000000a4c00000, 0x00000000a4c00000, 0x00000000a4d00000|  0%| F|  |TAMS 0x00000000a4c00000| PB 0x00000000a4c00000| Untracked |  0
|  11|0x00000000a4d00000, 0x00000000a4d00000, 0x00000000a4e00000|  0%| F|  |TAMS 0x00000000a4d00000| PB 0x00000000a4d00000| Untracked |  0
|  12|0x00000000a4e00000, 0x00000000a4e00000, 0x00000000a4f00000|  0%| F|  |TAMS 0x00000000a4e00000| PB 0x00000000a4e00000| Untracked |  0
|  13|0x00000000a4f00000, 0x00000000a4f00000, 0x00000000a5000000|  0%| F|  |TAMS 0x00000000a4f00000| PB 0x00000000a4f00000| Untracked |  0
|  14|0x00000000a5000000, 0x00000000a5000000, 0x00000000a5100000|  0%| F|  |TAMS 0x00000000a5000000| PB 0x00000000a5000000| Untracked |  0
|  15|0x00000000a5100000, 0x00000000a5100000, 0x00000000a5200000|  0%| F|  |TAMS 0x00000000a5100000| PB 0x00000000a5100000| Untracked |  0
|  16|0x00000000a5200000, 0x00000000a5200000, 0x00000000a5300000|  0%| F|  |TAMS 0x00000000a5200000| PB 0x00000000a5200000| Untracked |  0
|  17|0x00000000a5300000, 0x00000000a5300000, 0x00000000a5400000|  0%| F|  |TAMS 0x00000000a5300000| PB 0x00000000a5300000| Untracked |  0
|  18|0x00000000a5400000, 0x00000000a5400000, 0x00000000a5500000|  0%| F|  |TAMS 0x00000000a5400000| PB 0x00000000a5400000| Untracked |  0
|  19|0x00000000a5500000, 0x00000000a5500000, 0x00000000a5600000|  0%| F|  |TAMS 0x00000000a5500000| PB 0x00000000a5500000| Untracked |  0
|  20|0x00000000a5600000, 0x00000000a5600000, 0x00000000a5700000|  0%| F|  |TAMS 0x00000000a5600000| PB 0x00000000a5600000| Untracked |  0
|  21|0x00000000a5700000, 0x00000000a5700000, 0x00000000a5800000|  0%| F|  |TAMS 0x00000000a5700000| PB 0x00000000a5700000| Untracked |  0
|  22|0x00000000a5800000, 0x00000000a5800000, 0x00000000a5900000|  0%| F|  |TAMS 0x00000000a5800000| PB 0x00000000a5800000| Untracked |  0
|  23|0x00000000a5900000, 0x00000000a5900000, 0x00000000a5a00000|  0%| F|  |TAMS 0x00000000a5900000| PB 0x00000000a5900000| Untracked |  0
|  24|0x00000000a5a00000, 0x00000000a5a00000, 0x00000000a5b00000|  0%| F|  |TAMS 0x00000000a5a00000| PB 0x00000000a5a00000| Untracked |  0
|  25|0x00000000a5b00000, 0x00000000a5b00000, 0x00000000a5c00000|  0%| F|  |TAMS 0x00000000a5b00000| PB 0x00000000a5b00000| Untracked |  0
|  26|0x00000000a5c00000, 0x00000000a5c00000, 0x00000000a5d00000|  0%| F|  |TAMS 0x00000000a5c00000| PB 0x00000000a5c00000| Untracked |  0
|  27|0x00000000a5d00000, 0x00000000a5d00000, 0x00000000a5e00000|  0%| F|  |TAMS 0x00000000a5d00000| PB 0x00000000a5d00000| Untracked |  0
|  28|0x00000000a5e00000, 0x00000000a5e00000, 0x00000000a5f00000|  0%| F|  |TAMS 0x00000000a5e00000| PB 0x00000000a5e00000| Untracked |  0
|  29|0x00000000a5f00000, 0x00000000a5f00000, 0x00000000a6000000|  0%| F|  |TAMS 0x00000000a5f00000| PB 0x00000000a5f00000| Untracked |  0
|  30|0x00000000a6000000, 0x00000000a6000000, 0x00000000a6100000|  0%| F|  |TAMS 0x00000000a6000000| PB 0x00000000a6000000| Untracked |  0
|  31|0x00000000a6100000, 0x00000000a6100000, 0x00000000a6200000|  0%| F|  |TAMS 0x00000000a6100000| PB 0x00000000a6100000| Untracked |  0
|  32|0x00000000a6200000, 0x00000000a6200000, 0x00000000a6300000|  0%| F|  |TAMS 0x00000000a6200000| PB 0x00000000a6200000| Untracked |  0
|  33|0x00000000a6300000, 0x00000000a6300000, 0x00000000a6400000|  0%| F|  |TAMS 0x00000000a6300000| PB 0x00000000a6300000| Untracked |  0
|  34|0x00000000a6400000, 0x00000000a6400000, 0x00000000a6500000|  0%| F|  |TAMS 0x00000000a6400000| PB 0x00000000a6400000| Untracked |  0
|  35|0x00000000a6500000, 0x00000000a6500000, 0x00000000a6600000|  0%| F|  |TAMS 0x00000000a6500000| PB 0x00000000a6500000| Untracked |  0
|  36|0x00000000a6600000, 0x00000000a6600000, 0x00000000a6700000|  0%| F|  |TAMS 0x00000000a6600000| PB 0x00000000a6600000| Untracked |  0
|  37|0x00000000a6700000, 0x00000000a6700000, 0x00000000a6800000|  0%| F|  |TAMS 0x00000000a6700000| PB 0x00000000a6700000| Untracked |  0
|  38|0x00000000a6800000, 0x00000000a6800000, 0x00000000a6900000|  0%| F|  |TAMS 0x00000000a6800000| PB 0x00000000a6800000| Untracked |  0
|  39|0x00000000a6900000, 0x00000000a6900000, 0x00000000a6a00000|  0%| F|  |TAMS 0x00000000a6900000| PB 0x00000000a6900000| Untracked |  0
|  40|0x00000000a6a00000, 0x00000000a6a00000, 0x00000000a6b00000|  0%| F|  |TAMS 0x00000000a6a00000| PB 0x00000000a6a00000| Untracked |  0
|  41|0x00000000a6b00000, 0x00000000a6b00000, 0x00000000a6c00000|  0%| F|  |TAMS 0x00000000a6b00000| PB 0x00000000a6b00000| Untracked |  0
|  42|0x00000000a6c00000, 0x00000000a6c00000, 0x00000000a6d00000|  0%| F|  |TAMS 0x00000000a6c00000| PB 0x00000000a6c00000| Untracked |  0
|  43|0x00000000a6d00000, 0x00000000a6d00000, 0x00000000a6e00000|  0%| F|  |TAMS 0x00000000a6d00000| PB 0x00000000a6d00000| Untracked |  0
|  44|0x00000000a6e00000, 0x00000000a6e00000, 0x00000000a6f00000|  0%| F|  |TAMS 0x00000000a6e00000| PB 0x00000000a6e00000| Untracked |  0
|  45|0x00000000a6f00000, 0x00000000a6f00000, 0x00000000a7000000|  0%| F|  |TAMS 0x00000000a6f00000| PB 0x00000000a6f00000| Untracked |  0
|  46|0x00000000a7000000, 0x00000000a7000000, 0x00000000a7100000|  0%| F|  |TAMS 0x00000000a7000000| PB 0x00000000a7000000| Untracked |  0
|  47|0x00000000a7100000, 0x00000000a7100000, 0x00000000a7200000|  0%| F|  |TAMS 0x00000000a7100000| PB 0x00000000a7100000| Untracked |  0
|  48|0x00000000a7200000, 0x00000000a7200000, 0x00000000a7300000|  0%| F|  |TAMS 0x00000000a7200000| PB 0x00000000a7200000| Untracked |  0
|  49|0x00000000a7300000, 0x00000000a7300000, 0x00000000a7400000|  0%| F|  |TAMS 0x00000000a7300000| PB 0x00000000a7300000| Untracked |  0
|  50|0x00000000a7400000, 0x00000000a7400000, 0x00000000a7500000|  0%| F|  |TAMS 0x00000000a7400000| PB 0x00000000a7400000| Untracked |  0
|  51|0x00000000a7500000, 0x00000000a7500000, 0x00000000a7600000|  0%| F|  |TAMS 0x00000000a7500000| PB 0x00000000a7500000| Untracked |  0
|  52|0x00000000a7600000, 0x00000000a7600000, 0x00000000a7700000|  0%| F|  |TAMS 0x00000000a7600000| PB 0x00000000a7600000| Untracked |  0
|  53|0x00000000a7700000, 0x00000000a7700000, 0x00000000a7800000|  0%| F|  |TAMS 0x00000000a7700000| PB 0x00000000a7700000| Untracked |  0
|  54|0x00000000a7800000, 0x00000000a7800000, 0x00000000a7900000|  0%| F|  |TAMS 0x00000000a7800000| PB 0x00000000a7800000| Untracked |  0
|  55|0x00000000a7900000, 0x00000000a7900000, 0x00000000a7a00000|  0%| F|  |TAMS 0x00000000a7900000| PB 0x00000000a7900000| Untracked |  0
|  56|0x00000000a7a00000, 0x00000000a7a00000, 0x00000000a7b00000|  0%| F|  |TAMS 0x00000000a7a00000| PB 0x00000000a7a00000| Untracked |  0
|  57|0x00000000a7b00000, 0x00000000a7b00000, 0x00000000a7c00000|  0%| F|  |TAMS 0x00000000a7b00000| PB 0x00000000a7b00000| Untracked |  0
|  58|0x00000000a7c00000, 0x00000000a7c00000, 0x00000000a7d00000|  0%| F|  |TAMS 0x00000000a7c00000| PB 0x00000000a7c00000| Untracked |  0
|  59|0x00000000a7d00000, 0x00000000a7d00000, 0x00000000a7e00000|  0%| F|  |TAMS 0x00000000a7d00000| PB 0x00000000a7d00000| Untracked |  0
|  60|0x00000000a7e00000, 0x00000000a7e00000, 0x00000000a7f00000|  0%| F|  |TAMS 0x00000000a7e00000| PB 0x00000000a7e00000| Untracked |  0
|  61|0x00000000a7f00000, 0x00000000a7f00000, 0x00000000a8000000|  0%| F|  |TAMS 0x00000000a7f00000| PB 0x00000000a7f00000| Untracked |  0
|  62|0x00000000a8000000, 0x00000000a8000000, 0x00000000a8100000|  0%| F|  |TAMS 0x00000000a8000000| PB 0x00000000a8000000| Untracked |  0
|  63|0x00000000a8100000, 0x00000000a8100000, 0x00000000a8200000|  0%| F|  |TAMS 0x00000000a8100000| PB 0x00000000a8100000| Untracked |  0
|  64|0x00000000a8200000, 0x00000000a8200000, 0x00000000a8300000|  0%| F|  |TAMS 0x00000000a8200000| PB 0x00000000a8200000| Untracked |  0
|  65|0x00000000a8300000, 0x00000000a8300000, 0x00000000a8400000|  0%| F|  |TAMS 0x00000000a8300000| PB 0x00000000a8300000| Untracked |  0
|  66|0x00000000a8400000, 0x00000000a8400000, 0x00000000a8500000|  0%| F|  |TAMS 0x00000000a8400000| PB 0x00000000a8400000| Untracked |  0
|  67|0x00000000a8500000, 0x00000000a8500000, 0x00000000a8600000|  0%| F|  |TAMS 0x00000000a8500000| PB 0x00000000a8500000| Untracked |  0
|  68|0x00000000a8600000, 0x00000000a8600000, 0x00000000a8700000|  0%| F|  |TAMS 0x00000000a8600000| PB 0x00000000a8600000| Untracked |  0
|  69|0x00000000a8700000, 0x00000000a8700000, 0x00000000a8800000|  0%| F|  |TAMS 0x00000000a8700000| PB 0x00000000a8700000| Untracked |  0
|  70|0x00000000a8800000, 0x00000000a8800000, 0x00000000a8900000|  0%| F|  |TAMS 0x00000000a8800000| PB 0x00000000a8800000| Untracked |  0
|  71|0x00000000a8900000, 0x00000000a8900000, 0x00000000a8a00000|  0%| F|  |TAMS 0x00000000a8900000| PB 0x00000000a8900000| Untracked |  0
|  72|0x00000000a8a00000, 0x00000000a8a00000, 0x00000000a8b00000|  0%| F|  |TAMS 0x00000000a8a00000| PB 0x00000000a8a00000| Untracked |  0
|  73|0x00000000a8b00000, 0x00000000a8b00000, 0x00000000a8c00000|  0%| F|  |TAMS 0x00000000a8b00000| PB 0x00000000a8b00000| Untracked |  0
|  74|0x00000000a8c00000, 0x00000000a8c00000, 0x00000000a8d00000|  0%| F|  |TAMS 0x00000000a8c00000| PB 0x00000000a8c00000| Untracked |  0
|  75|0x00000000a8d00000, 0x00000000a8d00000, 0x00000000a8e00000|  0%| F|  |TAMS 0x00000000a8d00000| PB 0x00000000a8d00000| Untracked |  0
|  76|0x00000000a8e00000, 0x00000000a8e7c578, 0x00000000a8f00000| 48%| E|  |TAMS 0x00000000a8e00000| PB 0x00000000a8e00000| Complete |  0
|  77|0x00000000a8f00000, 0x00000000a9000000, 0x00000000a9000000|100%| E|CS|TAMS 0x00000000a8f00000| PB 0x00000000a8f00000| Complete |  0
|  78|0x00000000a9000000, 0x00000000a9100000, 0x00000000a9100000|100%| E|CS|TAMS 0x00000000a9000000| PB 0x00000000a9000000| Complete |  0
|  79|0x00000000a9100000, 0x00000000a9200000, 0x00000000a9200000|100%| E|CS|TAMS 0x00000000a9100000| PB 0x00000000a9100000| Complete |  0
|  80|0x00000000a9200000, 0x00000000a9300000, 0x00000000a9300000|100%| E|CS|TAMS 0x00000000a9200000| PB 0x00000000a9200000| Complete |  0
|  81|0x00000000a9300000, 0x00000000a9400000, 0x00000000a9400000|100%| E|CS|TAMS 0x00000000a9300000| PB 0x00000000a9300000| Complete |  0
|  82|0x00000000a9400000, 0x00000000a9500000, 0x00000000a9500000|100%| E|CS|TAMS 0x00000000a9400000| PB 0x00000000a9400000| Complete |  0
|  83|0x00000000a9500000, 0x00000000a9600000, 0x00000000a9600000|100%| E|CS|TAMS 0x00000000a9500000| PB 0x00000000a9500000| Complete |  0
|  84|0x00000000a9600000, 0x00000000a9700000, 0x00000000a9700000|100%| E|CS|TAMS 0x00000000a9600000| PB 0x00000000a9600000| Complete |  0
|  85|0x00000000a9700000, 0x00000000a9800000, 0x00000000a9800000|100%| E|CS|TAMS 0x00000000a9700000| PB 0x00000000a9700000| Complete |  0
|  86|0x00000000a9800000, 0x00000000a9900000, 0x00000000a9900000|100%| E|CS|TAMS 0x00000000a9800000| PB 0x00000000a9800000| Complete |  0
|  87|0x00000000a9900000, 0x00000000a9a00000, 0x00000000a9a00000|100%| E|CS|TAMS 0x00000000a9900000| PB 0x00000000a9900000| Complete |  0
|  88|0x00000000a9a00000, 0x00000000a9b00000, 0x00000000a9b00000|100%| E|CS|TAMS 0x00000000a9a00000| PB 0x00000000a9a00000| Complete |  0
|  89|0x00000000a9b00000, 0x00000000a9c00000, 0x00000000a9c00000|100%| E|CS|TAMS 0x00000000a9b00000| PB 0x00000000a9b00000| Complete |  0
|  90|0x00000000a9c00000, 0x00000000a9d00000, 0x00000000a9d00000|100%| E|CS|TAMS 0x00000000a9c00000| PB 0x00000000a9c00000| Complete |  0
|  91|0x00000000a9d00000, 0x00000000a9e00000, 0x00000000a9e00000|100%| E|CS|TAMS 0x00000000a9d00000| PB 0x00000000a9d00000| Complete |  0

Card table byte_map: [0x00000195d31f0000,0x00000195d34d0000] _byte_map_base: 0x00000195d2ccf000

Marking Bits: (CMBitMap*) 0x00000195bb4f2580
 Bits: [0x00000195d34d0000, 0x00000195d4bc8000)

Polling page: 0x00000195b9360000

Metaspace:

Usage:
  Non-class:      5.54 MB used.
      Class:    673.72 KB used.
       Both:      6.19 MB used.

Virtual space:
  Non-class space:       64.00 MB reserved,       5.69 MB (  9%) committed,  1 nodes.
      Class space:        1.00 GB reserved,     768.00 KB ( <1%) committed,  1 nodes.
             Both:        1.06 GB reserved,       6.44 MB ( <1%) committed. 

Chunk freelists:
   Non-Class:  10.36 MB
       Class:  15.23 MB
        Both:  25.59 MB

MaxMetaspaceSize: unlimited
CompressedClassSpaceSize: 1.00 GB
Initial GC threshold: 21.00 MB
Current GC threshold: 21.00 MB
CDS: on
 - commit_granule_bytes: 65536.
 - commit_granule_words: 8192.
 - virtual_space_node_default_size: 8388608.
 - enlarge_chunks_in_place: 1.
 - use_allocation_guard: 0.


Internal statistics:

num_allocs_failed_limit: 0.
num_arena_births: 152.
num_arena_deaths: 0.
num_vsnodes_births: 2.
num_vsnodes_deaths: 0.
num_space_committed: 103.
num_space_uncommitted: 0.
num_chunks_returned_to_freelist: 0.
num_chunks_taken_from_freelist: 184.
num_chunk_merges: 0.
num_chunk_splits: 111.
num_chunks_enlarged: 43.
num_inconsistent_stats: 0.

CodeHeap 'non-profiled nmethods': size=120064Kb used=275Kb max_used=275Kb free=119788Kb
 bounds [0x00000195cb6a0000, 0x00000195cb910000, 0x00000195d2be0000]
CodeHeap 'profiled nmethods': size=120000Kb used=1236Kb max_used=1236Kb free=118763Kb
 bounds [0x00000195c3be0000, 0x00000195c3e50000, 0x00000195cb110000]
CodeHeap 'non-nmethods': size=5696Kb used=1503Kb max_used=1512Kb free=4192Kb
 bounds [0x00000195cb110000, 0x00000195cb380000, 0x00000195cb6a0000]
CodeCache: size=245760Kb, used=3014Kb, max_used=3023Kb, free=242743Kb
 total_blobs=1647, nmethods=1055, adapters=498, full_count=0
Compilation: enabled, stopped_count=0, restarted_count=0

Compilation events (20 events):
Event: 1.026 Thread 0x00000195d75f0ce0 nmethod 1045 0x00000195c3d10e88 code [0x00000195c3d10fa0, 0x00000195c3d110e0]
Event: 1.026 Thread 0x00000195d75f0ce0 1046       3       java.io.RandomAccessFile::<init> (290 bytes)
Event: 1.027 Thread 0x00000195d75f0ce0 nmethod 1046 0x00000195c3d11188 code [0x00000195c3d114a0, 0x00000195c3d12918]
Event: 1.027 Thread 0x00000195d75f0ce0 1047       3       java.io.RandomAccessFile::open (7 bytes)
Event: 1.027 Thread 0x00000195d75f0ce0 nmethod 1047 0x00000195c3d12a08 code [0x00000195c3d12b20, 0x00000195c3d12c58]
Event: 1.027 Thread 0x00000195d75ef4f0 1049       4       java.lang.ThreadLocal$ThreadLocalMap::getEntry (42 bytes)
Event: 1.028 Thread 0x00000195d75f0ce0 1051       3       java.lang.StringUTF16::newBytesLength (59 bytes)
Event: 1.029 Thread 0x00000195d75f0ce0 nmethod 1051 0x00000195c3d12d08 code [0x00000195c3d12f00, 0x00000195c3d136f8]
Event: 1.029 Thread 0x00000195d75f0ce0 1052       3       jdk.internal.util.ArraysSupport::hashCodeOfUTF16 (59 bytes)
Event: 1.029 Thread 0x00000195d75ef4f0 nmethod 1049 0x00000195cb6e4988 code [0x00000195cb6e4aa0, 0x00000195cb6e4bd0]
Event: 1.029 Thread 0x00000195d75ef4f0 1050       4       java.lang.ThreadLocal::getCarrierThreadLocal (29 bytes)
Event: 1.029 Thread 0x00000195d75f0ce0 nmethod 1052 0x00000195c3d13788 code [0x00000195c3d138c0, 0x00000195c3d13b38]
Event: 1.030 Thread 0x00000195d75ef4f0 nmethod 1050 0x00000195cb6e4c88 code [0x00000195cb6e4da0, 0x00000195cb6e4f18]
Event: 1.030 Thread 0x00000195d75ef4f0 1053   !   4       sun.font.TrueTypeFont::getTableBuffer (208 bytes)
Event: 1.034 Thread 0x00000195d75f0ce0 1055       3       java.util.HashMap::prepareArray (38 bytes)
Event: 1.035 Thread 0x00000195d75f0ce0 nmethod 1055 0x00000195c3d13b88 code [0x00000195c3d13d00, 0x00000195c3d142a8]
Event: 1.035 Thread 0x00000195d75f0ce0 1056       3       java.util.HashSet::toArray (16 bytes)
Event: 1.035 Thread 0x00000195d75f0ce0 nmethod 1056 0x00000195c3d14308 code [0x00000195c3d14440, 0x00000195c3d14660]
Event: 1.035 Thread 0x00000195d75f0ce0 1057       3       java.lang.CharacterData::of (136 bytes)
Event: 1.035 Thread 0x00000195d75f0ce0 nmethod 1057 0x00000195c3d14688 code [0x00000195c3d14840, 0x00000195c3d150a8]

GC Heap History (0 events):
No events

Dll operation events (8 events):
Event: 0.016 Loaded shared library C:\Program Files\Java\jdk-23\bin\java.dll
Event: 0.061 Loaded shared library C:\Program Files\Java\jdk-23\bin\jsvml.dll
Event: 0.118 Loaded shared library C:\Program Files\Java\jdk-23\bin\net.dll
Event: 0.121 Loaded shared library C:\Program Files\Java\jdk-23\bin\nio.dll
Event: 0.158 Loaded shared library C:\Program Files\Java\jdk-23\bin\jimage.dll
Event: 0.179 Loaded shared library C:\Program Files\Java\jdk-23\bin\awt.dll
Event: 0.620 Loaded shared library C:\Program Files\Java\jdk-23\bin\freetype.dll
Event: 0.622 Loaded shared library C:\Program Files\Java\jdk-23\bin\fontmanager.dll

Deoptimization events (20 events):
Event: 0.762 Thread 0x000001961db6bae0 Uncommon trap: trap_request=0xffffff45 fr.pc=0x00000195cb6d6564 relative=0x0000000000000064
Event: 0.762 Thread 0x000001961db6bae0 Uncommon trap: reason=unstable_if action=reinterpret pc=0x00000195cb6d6564 method=java.lang.CharacterDataLatin1.toLowerCase(I)I @ 16 c2
Event: 0.762 Thread 0x000001961db6bae0 DEOPT PACKING pc=0x00000195cb6d6564 sp=0x0000008002afcad0
Event: 0.762 Thread 0x000001961db6bae0 DEOPT UNPACKING pc=0x00000195cb164402 sp=0x0000008002afca50 mode 2
Event: 0.773 Thread 0x000001961db6bae0 Uncommon trap: trap_request=0xffffff45 fr.pc=0x00000195cb6d7150 relative=0x0000000000000410
Event: 0.774 Thread 0x000001961db6bae0 Uncommon trap: reason=unstable_if action=reinterpret pc=0x00000195cb6d7150 method=java.lang.CharacterDataLatin1.isUpperCase(I)Z @ 7 c2
Event: 0.774 Thread 0x000001961db6bae0 DEOPT PACKING pc=0x00000195cb6d7150 sp=0x0000008002afd2b0
Event: 0.774 Thread 0x000001961db6bae0 DEOPT UNPACKING pc=0x00000195cb164402 sp=0x0000008002afd1b8 mode 2
Event: 0.953 Thread 0x000001961db6bae0 Uncommon trap: trap_request=0xffffff45 fr.pc=0x00000195cb6dd6e8 relative=0x00000000000001e8
Event: 0.953 Thread 0x000001961db6bae0 Uncommon trap: reason=unstable_if action=reinterpret pc=0x00000195cb6dd6e8 method=java.lang.StringUTF16.compress([CI[BII)I @ 20 c2
Event: 0.953 Thread 0x000001961db6bae0 DEOPT PACKING pc=0x00000195cb6dd6e8 sp=0x0000008002afc970
Event: 0.953 Thread 0x000001961db6bae0 DEOPT UNPACKING pc=0x00000195cb164402 sp=0x0000008002afc8e0 mode 2
Event: 0.999 Thread 0x000001961db6bae0 Uncommon trap: trap_request=0xffffff45 fr.pc=0x00000195cb6ac848 relative=0x0000000000000288
Event: 0.999 Thread 0x000001961db6bae0 Uncommon trap: reason=unstable_if action=reinterpret pc=0x00000195cb6ac848 method=java.lang.String.isLatin1()Z @ 10 c2
Event: 0.999 Thread 0x000001961db6bae0 DEOPT PACKING pc=0x00000195cb6ac848 sp=0x0000008002afd0b0
Event: 1.000 Thread 0x000001961db6bae0 DEOPT UNPACKING pc=0x00000195cb164402 sp=0x0000008002afcfe0 mode 2
Event: 1.023 Thread 0x000001961db6bae0 Uncommon trap: trap_request=0xffffff45 fr.pc=0x00000195cb6e2a68 relative=0x00000000000003a8
Event: 1.023 Thread 0x000001961db6bae0 Uncommon trap: reason=unstable_if action=reinterpret pc=0x00000195cb6e2a68 method=java.lang.Character.isSurrogate(C)Z @ 3 c2
Event: 1.023 Thread 0x000001961db6bae0 DEOPT PACKING pc=0x00000195cb6e2a68 sp=0x0000008002afcd70
Event: 1.023 Thread 0x000001961db6bae0 DEOPT UNPACKING pc=0x00000195cb164402 sp=0x0000008002afcc78 mode 2

Classes loaded (20 events):
Event: 0.769 Loading class java/nio/ByteBufferAsShortBufferB
Event: 0.769 Loading class java/nio/ShortBuffer
Event: 0.770 Loading class java/nio/ShortBuffer done
Event: 0.770 Loading class java/nio/ByteBufferAsShortBufferB done
Event: 0.770 Loading class sun/nio/cs/UTF_16$Decoder
Event: 0.770 Loading class sun/nio/cs/UnicodeDecoder
Event: 0.770 Loading class sun/nio/cs/UnicodeDecoder done
Event: 0.770 Loading class sun/nio/cs/UTF_16$Decoder done
Event: 0.775 Loading class sun/font/SunFontManager$3
Event: 0.775 Loading class sun/font/SunFontManager$3 done
Event: 0.786 Loading class jdk/internal/foreign/MemorySessionImpl
Event: 0.786 Loading class java/lang/foreign/MemorySegment$Scope
Event: 0.786 Loading class java/lang/foreign/MemorySegment$Scope done
Event: 0.786 Loading class jdk/internal/foreign/MemorySessionImpl done
Event: 0.796 Loading class sun/font/SunFontManager$8
Event: 0.796 Loading class sun/font/SunFontManager$8 done
Event: 0.796 Loading class sun/font/SunFontManager$9
Event: 0.797 Loading class sun/font/SunFontManager$9 done
Event: 1.007 Loading class java/lang/foreign/MemorySegment
Event: 1.007 Loading class java/lang/foreign/MemorySegment done

Classes unloaded (0 events):
No events

Classes redefined (0 events):
No events

Internal exceptions (14 events):
Event: 0.123 Thread 0x00000195b927a420 Exception <a 'sun/nio/fs/WindowsException'{0x00000000a9c4b390}> (0x00000000a9c4b390) 
thrown [s\open\src\hotspot\share\prims\jni.cpp, line 520]
Event: 0.126 Thread 0x00000195b927a420 Exception <a 'sun/nio/fs/WindowsException'{0x00000000a9c4dac8}> (0x00000000a9c4dac8) 
thrown [s\open\src\hotspot\share\prims\jni.cpp, line 520]
Event: 0.126 Thread 0x00000195b927a420 Exception <a 'sun/nio/fs/WindowsException'{0x00000000a9c4e630}> (0x00000000a9c4e630) 
thrown [s\open\src\hotspot\share\prims\jni.cpp, line 520]
Event: 0.167 Thread 0x00000195b927a420 Exception <a 'java/lang/ClassNotFoundException'{0x00000000a9b6e1e8}: sun/awt/resources/spi/awtProvider> (0x00000000a9b6e1e8) 
thrown [s\open\src\hotspot\share\classfile\systemDictionary.cpp, line 313]
Event: 0.192 Thread 0x00000195b927a420 Exception <a 'java/io/FileNotFoundException'{0x00000000a9bc1ec8}> (0x00000000a9bc1ec8) 
thrown [s\open\src\hotspot\share\prims\jni.cpp, line 520]
Event: 0.200 Thread 0x00000195b927a420 Exception <a 'java/io/FileNotFoundException'{0x00000000a9bf0278}> (0x00000000a9bf0278) 
thrown [s\open\src\hotspot\share\prims\jni.cpp, line 520]
Event: 0.481 Thread 0x00000195b927a420 Exception <a 'java/lang/NoSuchMethodError'{0x00000000a990f968}: 'void java.lang.invoke.DirectMethodHandle$Holder.invokeSpecial(java.lang.Object, java.lang.Object, java.lang.Object)'> (0x00000000a990f968) 
thrown [s\open\src\hotspot\share\interpreter\linkResolver.cpp, line 796]
Event: 0.504 Thread 0x00000195b927a420 Exception <a 'java/lang/NoSuchMethodError'{0x00000000a995f240}: 'java.lang.Object java.lang.invoke.DirectMethodHandle$Holder.invokeStatic(java.lang.Object, int, java.lang.Object)'> (0x00000000a995f240) 
thrown [s\open\src\hotspot\share\interpreter\linkResolver.cpp, line 796]
Event: 0.548 Thread 0x00000195b927a420 Exception <a 'java/lang/ClassNotFoundException'{0x00000000a9806478}: com/sun/swing/internal/plaf/metal/resources/spi/metalProvider> (0x00000000a9806478) 
thrown [s\open\src\hotspot\share\classfile\systemDictionary.cpp, line 313]
Event: 0.550 Thread 0x00000195b927a420 Exception <a 'java/lang/ClassNotFoundException'{0x00000000a980a3e8}: com/sun/swing/internal/plaf/basic/resources/spi/basicProvider> (0x00000000a980a3e8) 
thrown [s\open\src\hotspot\share\classfile\systemDictionary.cpp, line 313]
Event: 0.567 Thread 0x00000195b927a420 Exception <a 'java/lang/NoSuchMethodError'{0x00000000a9829d00}: 'int java.lang.invoke.Invokers$Holder.invokeExact_MT(java.lang.Object, java.lang.Object)'> (0x00000000a9829d00) 
thrown [s\open\src\hotspot\share\interpreter\linkResolver.cpp, line 796]
Event: 0.589 Thread 0x00000195d7928750 Exception <a 'java/lang/NoSuchMethodError'{0x00000000a98801f8}: 'void java.lang.invoke.DirectMethodHandle$Holder.invokeVirtual(java.lang.Object, java.lang.Object)'> (0x00000000a98801f8) 
thrown [s\open\src\hotspot\share\interpreter\linkResolver.cpp, line 796]
Event: 0.612 Thread 0x00000195b927a420 Exception <a 'java/lang/NoSuchMethodError'{0x00000000a986b908}: 'void java.lang.invoke.DirectMethodHandle$Holder.invokeStaticInit(java.lang.Object)'> (0x00000000a986b908) 
thrown [s\open\src\hotspot\share\interpreter\linkResolver.cpp, line 796]
Event: 0.627 Thread 0x00000195b927a420 Exception <a 'java/io/FileNotFoundException'{0x00000000a9877950}> (0x00000000a9877950) 
thrown [s\open\src\hotspot\share\prims\jni.cpp, line 520]

VM Operations (6 events):
Event: 0.127 Executing VM operation: HandshakeAllThreads (Deoptimize)
Event: 0.127 Executing VM operation: HandshakeAllThreads (Deoptimize) done
Event: 0.211 Executing VM operation: HandshakeAllThreads (Deoptimize)
Event: 0.211 Executing VM operation: HandshakeAllThreads (Deoptimize) done
Event: 0.598 Executing VM operation: HandshakeAllThreads (Deoptimize)
Event: 0.598 Executing VM operation: HandshakeAllThreads (Deoptimize) done

Memory protections (0 events):
No events

Nmethod flushes (0 events):
No events

Events (17 events):
Event: 0.039 Thread 0x00000195b927a420 Thread added: 0x00000195b927a420
Event: 0.058 Thread 0x00000195b927a420 Thread added: 0x00000195d75e1460
Event: 0.058 Thread 0x00000195b927a420 Thread added: 0x00000195d75e4fe0
Event: 0.058 Thread 0x00000195b927a420 Thread added: 0x00000195d75e5ee0
Event: 0.058 Thread 0x00000195b927a420 Thread added: 0x00000195d75e6940
Event: 0.058 Thread 0x00000195b927a420 Thread added: 0x00000195d75ea5b0
Event: 0.058 Thread 0x00000195b927a420 Thread added: 0x00000195d75eb2f0
Event: 0.059 Thread 0x00000195b927a420 Thread added: 0x00000195d75ef4f0
Event: 0.059 Thread 0x00000195b927a420 Thread added: 0x00000195d75f0ce0
Event: 0.091 Thread 0x00000195b927a420 Thread added: 0x00000195d76e4480
Event: 0.142 Thread 0x00000195b927a420 Thread added: 0x00000195d7881620
Event: 0.267 Thread 0x00000195b927a420 Thread added: 0x00000195d791f1d0
Event: 0.269 Thread 0x00000195b927a420 Thread added: 0x00000195d7924310
Event: 0.272 Thread 0x00000195b927a420 Thread added: 0x00000195d7928750
Event: 0.588 Thread 0x00000195d7928750 Thread added: 0x000001961db6bae0
Event: 0.713 Thread 0x00000195b927a420 Thread exited: 0x00000195b927a420
Event: 0.713 Thread 0x00000195b927a420 Thread added: 0x00000195b927a420


Dynamic libraries:
0x00007ff601a60000 - 0x00007ff601a70000 	C:\Program Files\Java\jdk-23\bin\java.exe
0x00007ffe4fd90000 - 0x00007ffe4ffa7000 	C:\Windows\SYSTEM32\ntdll.dll
0x00007ffe4de50000 - 0x00007ffe4df14000 	C:\Windows\System32\KERNEL32.DLL
0x00007ffe4ce80000 - 0x00007ffe4d252000 	C:\Windows\System32\KERNELBASE.dll
0x00007ffe47a10000 - 0x00007ffe47aa7000 	C:\Windows\SYSTEM32\apphelp.dll
0x00007ffe4d3d0000 - 0x00007ffe4d4e1000 	C:\Windows\System32\ucrtbase.dll
0x00007ffe286e0000 - 0x00007ffe286f7000 	C:\Program Files\Java\jdk-23\bin\jli.dll
0x00007ffe2d710000 - 0x00007ffe2d72b000 	C:\Program Files\Java\jdk-23\bin\VCRUNTIME140.dll
0x00007ffe4f120000 - 0x00007ffe4f2d1000 	C:\Windows\System32\USER32.dll
0x00007ffe4d9c0000 - 0x00007ffe4d9e6000 	C:\Windows\System32\win32u.dll
0x00007ffe3b330000 - 0x00007ffe3b5cb000 	C:\Windows\WinSxS\amd64_microsoft.windows.common-controls_6595b64144ccf1df_6.0.22621.5547_none_27104afb73855772\COMCTL32.dll
0x00007ffe4e190000 - 0x00007ffe4e1b9000 	C:\Windows\System32\GDI32.dll
0x00007ffe4d5b0000 - 0x00007ffe4d6d3000 	C:\Windows\System32\gdi32full.dll
0x00007ffe4f340000 - 0x00007ffe4f3e7000 	C:\Windows\System32\msvcrt.dll
0x00007ffe4d760000 - 0x00007ffe4d7fa000 	C:\Windows\System32\msvcp_win.dll
0x00007ffe4fbf0000 - 0x00007ffe4fc21000 	C:\Windows\System32\IMM32.DLL
0x00007ffe44c20000 - 0x00007ffe44c2c000 	C:\Program Files\Java\jdk-23\bin\vcruntime140_1.dll
0x00007ffe10bd0000 - 0x00007ffe10c5e000 	C:\Program Files\Java\jdk-23\bin\msvcp140.dll
0x00007ffdb0a90000 - 0x00007ffdb17e0000 	C:\Program Files\Java\jdk-23\bin\server\jvm.dll
0x00007ffe4eb50000 - 0x00007ffe4ec01000 	C:\Windows\System32\ADVAPI32.dll
0x00007ffe4df20000 - 0x00007ffe4dfc8000 	C:\Windows\System32\sechost.dll
0x00007ffe4d9f0000 - 0x00007ffe4da18000 	C:\Windows\System32\bcrypt.dll
0x00007ffe4fc30000 - 0x00007ffe4fd44000 	C:\Windows\System32\RPCRT4.dll
0x00007ffe4ead0000 - 0x00007ffe4eb41000 	C:\Windows\System32\WS2_32.dll
0x00007ffe4cca0000 - 0x00007ffe4cced000 	C:\Windows\SYSTEM32\POWRPROF.dll
0x00007ffe483a0000 - 0x00007ffe483d4000 	C:\Windows\SYSTEM32\WINMM.dll
0x00007ffe43980000 - 0x00007ffe4398a000 	C:\Windows\SYSTEM32\VERSION.dll
0x00007ffe4cc80000 - 0x00007ffe4cc93000 	C:\Windows\SYSTEM32\UMPDC.dll
0x00007ffe4beb0000 - 0x00007ffe4bec8000 	C:\Windows\SYSTEM32\kernel.appcore.dll
0x00007ffe30040000 - 0x00007ffe3004a000 	C:\Program Files\Java\jdk-23\bin\jimage.dll
0x00007ffe4a2f0000 - 0x00007ffe4a523000 	C:\Windows\SYSTEM32\DBGHELP.DLL
0x00007ffe4ec10000 - 0x00007ffe4efa3000 	C:\Windows\System32\combase.dll
0x00007ffe4efb0000 - 0x00007ffe4f087000 	C:\Windows\System32\OLEAUT32.dll
0x00007ffe44420000 - 0x00007ffe44452000 	C:\Windows\SYSTEM32\dbgcore.DLL
0x00007ffe4d800000 - 0x00007ffe4d87b000 	C:\Windows\System32\bcryptPrimitives.dll
0x00007ffe28db0000 - 0x00007ffe28dce000 	C:\Program Files\Java\jdk-23\bin\java.dll
0x00007ffe4dfd0000 - 0x00007ffe4e170000 	C:\Windows\System32\ole32.dll
0x00007ffe4e220000 - 0x00007ffe4eac2000 	C:\Windows\System32\SHELL32.dll
0x00007ffe4d880000 - 0x00007ffe4d9bf000 	C:\Windows\System32\wintypes.dll
0x00007ffe4ad70000 - 0x00007ffe4b68d000 	C:\Windows\SYSTEM32\windows.storage.dll
0x00007ffe4dae0000 - 0x00007ffe4dbec000 	C:\Windows\System32\SHCORE.dll
0x00007ffe4dbf0000 - 0x00007ffe4dc59000 	C:\Windows\System32\shlwapi.dll
0x00007ffe4cdb0000 - 0x00007ffe4cddb000 	C:\Windows\SYSTEM32\profapi.dll
0x00007ffdf2280000 - 0x00007ffdf2357000 	C:\Program Files\Java\jdk-23\bin\jsvml.dll
0x00007ffe2d6c0000 - 0x00007ffe2d6d0000 	C:\Program Files\Java\jdk-23\bin\net.dll
0x00007ffe4c330000 - 0x00007ffe4c399000 	C:\Windows\system32\mswsock.dll
0x00007ffe205e0000 - 0x00007ffe205f6000 	C:\Program Files\Java\jdk-23\bin\nio.dll
0x00007ffdefd20000 - 0x00007ffdefeae000 	C:\Program Files\Java\jdk-23\bin\awt.dll
0x00007ffe4a6c0000 - 0x00007ffe4a6ee000 	C:\Windows\system32\DWMAPI.DLL
0x00007ffe4a150000 - 0x00007ffe4a204000 	C:\Windows\system32\uxtheme.dll
0x00007ffddfc30000 - 0x00007ffddfd30000 	C:\Windows\system32\opengl32.dll
0x00007ffddd580000 - 0x00007ffddd5ad000 	C:\Windows\SYSTEM32\GLU32.dll
0x00007ffe4a570000 - 0x00007ffe4a5a7000 	C:\Windows\SYSTEM32\dxcore.dll
0x00007ffe4f900000 - 0x00007ffe4fa60000 	C:\Windows\System32\MSCTF.dll
0x00007ffde67b0000 - 0x00007ffde6958000 	C:\Windows\system32\d3d9.dll
0x00007ffdd8b80000 - 0x00007ffddc3c4000 	C:\Windows\System32\DriverStore\FileRepository\u0413130.inf_amd64_8794407b7bd265d7\B412889\amdxn64.dll
0x00007ffe4f470000 - 0x00007ffe4f8e4000 	C:\Windows\System32\SETUPAPI.dll
0x00007ffe4a5b0000 - 0x00007ffe4a6a7000 	C:\Windows\SYSTEM32\dxgi.dll
0x00007ffe3d690000 - 0x00007ffe3d6c7000 	C:\Windows\System32\DriverStore\FileRepository\u0413130.inf_amd64_8794407b7bd265d7\B412889\amdihk64.dll
0x00007ffe44250000 - 0x00007ffe4429a000 	C:\Windows\SYSTEM32\directxdatabasehelper.dll
0x00007ffe10500000 - 0x00007ffe10587000 	C:\Program Files\Java\jdk-23\bin\freetype.dll
0x00007ffdf21a0000 - 0x00007ffdf2277000 	C:\Program Files\Java\jdk-23\bin\fontmanager.dll
0x00007ffe31750000 - 0x00007ffe31896000 	C:\Windows\SYSTEM32\textinputframework.dll

dbghelp: loaded successfully - version: 4.0.5 - missing functions: none
symbol engine: initialized successfully - sym options: 0x614 - pdb path: .;C:\Program Files\Java\jdk-23\bin;C:\Windows\SYSTEM32;C:\Windows\WinSxS\amd64_microsoft.windows.common-controls_6595b64144ccf1df_6.0.22621.5547_none_27104afb73855772;C:\Program Files\Java\jdk-23\bin\server;C:\Windows\System32\DriverStore\FileRepository\u0413130.inf_amd64_8794407b7bd265d7\B412889

VM Arguments:
jvm_args: -Dfile.encoding=UTF-8 --module-path=C:\Users\smshu\OneDrive\Documents\NetBeansProjects\bank management syste\build\classes 
java_command: bank.management.syste.SignupOne
java_class_path (initial): C:\Users\smshu\OneDrive\Documents\NetBeansProjects\bank management syste\build\classes
Launcher Type: SUN_STANDARD

[Global flags]
     intx CICompilerCount                          = 4                                         {product} {ergonomic}
     uint ConcGCThreads                            = 2                                         {product} {ergonomic}
     uint G1ConcRefinementThreads                  = 8                                         {product} {ergonomic}
   size_t G1HeapRegionSize                         = 1048576                                   {product} {ergonomic}
   size_t InitialHeapSize                          = 96468992                                  {product} {ergonomic}
   size_t MarkStackSize                            = 4194304                                   {product} {ergonomic}
   size_t MarkStackSizeMax                         = 536870912                                 {product} {ergonomic}
   size_t MaxHeapSize                              = 1541406720                                {product} {ergonomic}
   size_t MaxNewSize                               = 924844032                                 {product} {ergonomic}
   size_t MinHeapDeltaBytes                        = 1048576                                   {product} {ergonomic}
   size_t MinHeapSize                              = 8388608                                   {product} {ergonomic}
    uintx NonNMethodCodeHeapSize                   = 5832704                                {pd product} {ergonomic}
    uintx NonProfiledCodeHeapSize                  = 122945536                              {pd product} {ergonomic}
    uintx ProfiledCodeHeapSize                     = 122880000                              {pd product} {ergonomic}
    uintx ReservedCodeCacheSize                    = 251658240                              {pd product} {ergonomic}
     bool SegmentedCodeCache                       = true                                      {product} {ergonomic}
   size_t SoftMaxHeapSize                          = 1541406720                             {manageable} {ergonomic}
     bool UseCompressedOops                        = true                           {product lp64_product} {ergonomic}
     bool UseG1GC                                  = true                                      {product} {ergonomic}
     bool UseLargePagesIndividualAllocation        = false                                  {pd product} {ergonomic}

Logging:
Log output configuration:
 #0: stdout all=warning uptime,level,tags foldmultilines=false
 #1: stderr all=off uptime,level,tags foldmultilines=false

Environment Variables:
PATH=C:\Program Files\Common Files\Oracle\Java\javapath;C:\Program Files (x86)\VMware\VMware Workstation\bin\;C:\Windows\system32;C:\Windows;C:\Windows\System32\Wbem;C:\Windows\System32\WindowsPowerShell\v1.0\;C:\Windows\System32\OpenSSH\;C:\Program Files\Git\cmd;C:\Program Files\Java\jdk-21\bin;C:\Program Files\Java\jdk-23\bin;C:\Program Files\Java\jdk-17\bin;C:\Program Files\MySQL\MySQL Shell 8.0\bin\;C:\Users\smshu\AppData\Local\Programs\Python\Python312\Scripts\;C:\Users\smshu\AppData\Local\Programs\Python\Python312\;C:\Users\smshu\AppData\Local\Microsoft\WindowsApps;C:\Users\smshu\AppData\Local\Programs\Microsoft VS Code\bin;C:\MinGW\bin;
USERNAME=smshu
OS=Windows_NT
PROCESSOR_IDENTIFIER=AMD64 Family 23 Model 160 Stepping 0, AuthenticAMD
TMP=C:\Users\smshu\AppData\Local\Temp
TEMP=C:\Users\smshu\AppData\Local\Temp




Periodic native trim disabled

---------------  S Y S T E M  ---------------

OS:
 Windows 11 , 64 bit Build 22621 (10.0.22621.5415)
OS uptime: 9 days 15:45 hours
Hyper-V role detected

CPU: total 8 (initial active 8) (8 cores per cpu, 2 threads per core) family 23 model 160 stepping 0 microcode 0x0, cx8, cmov, fxsr, ht, mmx, 3dnowpref, sse, sse2, sse3, ssse3, sse4a, sse4.1, sse4.2, popcnt, lzcnt, tsc, tscinvbit, avx, avx2, aes, clmul, bmi1, bmi2, adx, sha, fma, vzeroupper, clflush, clflushopt, hv, rdtscp, rdpid, f16c
Processor Information for the first 8 processors :
  Max Mhz: 2801, Current Mhz: 2801, Mhz Limit: 2801

Memory: 4k page, system-wide physical 5877M (266M free)
TotalPageFile size 24309M (AvailPageFile size 4M)
current process WorkingSet (physical memory assigned to process): 85M, peak: 85M
current process commit charge ("private bytes"): 194M, peak: 202M

vm_info: Java HotSpot(TM) 64-Bit Server VM (23.0.2+7-58) for windows-amd64 JRE (23.0.2+7-58), built on 2024-11-29T09:34:55Z with MS VC++ 17.6 (VS2022)

END.
