#
# A fatal error has been detected by the Java Runtime Environment:
#
#  EXCEPTION_ACCESS_VIOLATION (0xc0000005) at pc=0x00007ffc68b51b85, pid=15556, tid=11652
#
# JRE version:  (23.0.2+7) (build )
# Java VM: Java HotSpot(TM) 64-Bit Server VM (23.0.2+7-58, mixed mode, sharing, tiered, compressed class ptrs, unknown gc, windows-amd64)
# Problematic frame:
# C  [jimage.dll+0x1b85]
#
# No core dump will be written. Minidumps are not enabled by default on client versions of Windows
#
#

---------------  S U M M A R Y ------------

Command Line: 

Host: AMD Ryzen 5 7520U with Radeon Graphics         , 8 cores, 5G,  Windows 11 , 64 bit Build 22621 (10.0.22621.5415)
Time: Sat Jul 26 09:36:10 2025 India Standard Time elapsed time: 0.016079 seconds (0d 0h 0m 0s)

---------------  T H R E A D  ---------------

Current thread is native thread

Stack: [0x000000e808800000,0x000000e808900000],  sp=0x000000e8088fdb90,  free space=1014k
Native frames: (J=compiled Java code, j=interpreted, Vv=VM code, C=native code)
C  [jimage.dll+0x1b85]  (no source info available)
C  [jimage.dll+0x1d13]  (no source info available)
C  [jimage.dll+0x25dd]  (no source info available)
V  [jvm.dll+0x21a062]  (no source info available)
V  [jvm.dll+0xbfa50]  (no source info available)
V  [jvm.dll+0x82d4bc]  (no source info available)
V  [jvm.dll+0x454f2e]  (no source info available)
V  [jvm.dll+0x456db1]  (no source info available)
C  [jli.dll+0x52a3]  (no source info available)
C  [ucrtbase.dll+0x29333]  (no source info available)
C  [KERNEL32.DLL+0x1259d]  (no source info available)
C  [ntdll.dll+0x5af78]  (no source info available)


siginfo: EXCEPTION_ACCESS_VIOLATION (0xc0000005), reading address 0x0000000000013730


Registers:
RAX=0x0000000000004dc5, RBX=0x000000e8088fdc81, RCX=0x00007ffc68b56000, RDX=0x0000000000004dc5
RSP=0x000000e8088fdb90, RBP=0x000000e8088fdc80, RSI=0x00000000000076f1, RDI=0x000000e8088fdc80
R8 =0x00007ffc68b54298, R9 =0x000000000000001c, R10=0x00007ffc68810000, R11=0x00007ffc68b56000
R12=0x0000000000000000, R13=0x000000e8088ff6f0, R14=0x000000e8088fecf0, R15=0x00007ffbf2d2d8a8
RIP=0x00007ffc68b51b85, EFLAGS=0x0000000000010212


Top of Stack: (sp=0x000000e8088fdb90)
0x000000e8088fdb90:   0000000000000000 0000000000000000
0x000000e8088fdba0:   0000000000000000 0000000000000000
0x000000e8088fdbb0:   0000021f5b4b3e00 00007ffc68b51d13
0x000000e8088fdbc0:   000000000000000b 0000021f5b4b3e00
0x000000e8088fdbd0:   0000000000000000 0000000000000000
0x000000e8088fdbe0:   0000000000000000 0000000000000000
0x000000e8088fdbf0:   0000000000000000 0000000000000000
0x000000e8088fdc00:   0000000000000000 0000000000000000
0x000000e8088fdc10:   0000000000000000 0000000000000000
0x000000e8088fdc20:   00004adc0d7a50b5 0000000000000000
0x000000e8088fdc30:   00007ffbf2d0b700 0000000000000017
0x000000e8088fdc40:   0000021f5b4b3e00 000000e8088fecf0
0x000000e8088fdc50:   000000000000000b 00007ffc68b525dd
0x000000e8088fdc60:   0000000000000000 0000000000000000
0x000000e8088fdc70:   0000000000000000 0000000000000000
0x000000e8088fdc80:   61622e6176616a2f 692f6b646a2f6573
0x000000e8088fdc90:   2f6c616e7265746e 6f6974706f2f6d76
0x000000e8088fdca0:   000000000000736e 0000000000000000
0x000000e8088fdcb0:   0000000000000000 0000000000000000
0x000000e8088fdcc0:   0000000000000000 0000000000000000
0x000000e8088fdcd0:   0000000000000000 0000000000000000
0x000000e8088fdce0:   0000000000000000 0000000000000000
0x000000e8088fdcf0:   0000000000000000 0000000000000000
0x000000e8088fdd00:   0000000000000000 0000000000000000
0x000000e8088fdd10:   0000000000000000 0000000000000000
0x000000e8088fdd20:   0000000000000000 0000000000000000
0x000000e8088fdd30:   0000000000000000 0000000000000000
0x000000e8088fdd40:   0000000000000000 0000000000000000
0x000000e8088fdd50:   0000000000000000 000000007e00027c
0x000000e8088fdd60:   0000021f5d767810 00007ffc7cbcf9a6
0x000000e8088fdd70:   0000021f5b470000 000000e8088fe069
0x000000e8088fdd80:   0000021f5b56bae0 0000021f5b56baf0 

Instructions: (pc=0x00007ffc68b51b85)
0x00007ffc68b51a85:   48 85 c9 74 1d 80 3d 7f 45 00 00 00 74 06 48 8b
0x00007ffc68b51a95:   53 18 eb 04 48 8b 53 40 e8 9a 0e 00 00 48 83 63
0x00007ffc68b51aa5:   48 00 8b 4b 0c 83 f9 ff 74 09 e8 d0 0c 00 00 83
0x00007ffc68b51ab5:   4b 0c ff 48 8b 4b 70 48 85 c9 74 0f ba 10 00 00
0x00007ffc68b51ac5:   00 e8 f1 0e 00 00 48 83 63 70 00 48 83 c4 20 5b
0x00007ffc68b51ad5:   c3 cc cc 40 53 48 83 ec 20 48 8b d9 48 8d 0d 38
0x00007ffc68b51ae5:   47 00 00 e8 9f 0c 00 00 83 6b 08 01 75 24 48 8b
0x00007ffc68b51af5:   d3 48 8d 0d 1b 45 00 00 e8 22 08 00 00 48 8b cb
0x00007ffc68b51b05:   e8 d6 fe ff ff ba 78 00 00 00 48 8b cb e8 a5 0e
0x00007ffc68b51b15:   00 00 48 8d 0d 02 47 00 00 48 83 c4 20 5b e9 6c
0x00007ffc68b51b25:   0c 00 00 48 89 5c 24 08 48 89 74 24 10 57 48 83
0x00007ffc68b51b35:   ec 20 41 8b f1 4d 8b c8 48 8b fa 4c 8b d9 4d 85
0x00007ffc68b51b45:   c0 74 78 85 f6 74 74 44 8a 12 48 8d 5a 01 48 8b
0x00007ffc68b51b55:   d3 b8 93 01 00 01 eb 12 69 c0 93 01 00 01 41 0f
0x00007ffc68b51b65:   b6 ca 44 8a 12 33 c1 48 ff c2 45 84 d2 75 e9 4d
0x00007ffc68b51b75:   8b 03 0f ba f0 1f 33 d2 49 8b cb f7 f6 48 63 c2
0x00007ffc68b51b85:   41 8b 14 81 41 ff 50 08 85 c0 7e 24 8a 0f eb 10
0x00007ffc68b51b95:   69 c0 93 01 00 01 0f b6 c9 33 c1 8a 0b 48 ff c3
0x00007ffc68b51ba5:   84 c9 75 ec 0f ba f0 1f 33 d2 f7 f6 8b c2 eb 0e
0x00007ffc68b51bb5:   79 09 83 c9 ff 2b c8 8b c1 eb 03 83 c8 ff 48 8b
0x00007ffc68b51bc5:   5c 24 30 48 8b 74 24 38 48 83 c4 20 5f c3 cc 48
0x00007ffc68b51bd5:   89 5c 24 08 48 89 74 24 10 57 48 83 ec 20 48 8b
0x00007ffc68b51be5:   f1 48 8d 0d 33 46 00 00 e8 9a 0b 00 00 33 ff 39
0x00007ffc68b51bf5:   3d 1e 44 00 00 76 24 48 8b 05 1d 44 00 00 48 8b
0x00007ffc68b51c05:   d6 48 8b 1c f8 48 8b 0b e8 68 1e 00 00 85 c0 74
0x00007ffc68b51c15:   2b ff c7 3b 3d fa 43 00 00 72 dc 33 db 48 8d 0d
0x00007ffc68b51c25:   f7 45 00 00 e8 66 0b 00 00 48 8b 74 24 38 48 8b
0x00007ffc68b51c35:   c3 48 8b 5c 24 30 48 83 c4 20 5f c3 ff 43 08 eb
0x00007ffc68b51c45:   dc cc cc 48 89 5c 24 08 48 89 74 24 10 57 48 83
0x00007ffc68b51c55:   ec 20 48 8b d9 48 8b f2 48 8b 49 10 49 8b f8 8b
0x00007ffc68b51c65:   53 30 48 8b 01 ff 50 20 4c 8b 43 50 48 8b d6 48
0x00007ffc68b51c75:   8b 4b 10 44 8b c8 e8 a8 fe ff ff 83 f8 ff 74 38 



---------------  P R O C E S S  ---------------

VM state: not at safepoint (not fully initialized)

VM Mutex/Monitor currently owned by a thread: None

CDS archive(s) mapped at: [0x0000000000000000-0x0000000000000000-0x0000000000000000), size 0, SharedBaseAddress: 0x0000000800000000, ArchiveRelocationMode: 1.
Narrow klass base: 0x0000000000000000, Narrow klass shift: 0, Narrow klass range: 0x0

GC Precious Log:
<Not initialized>


Dynamic libraries:
0x00007ff615980000 - 0x00007ff615990000 	C:\Program Files\Java\jdk-23\bin\java.exe
0x00007ffc7cb90000 - 0x00007ffc7cda7000 	C:\Windows\SYSTEM32\ntdll.dll
0x00007ffc7c850000 - 0x00007ffc7c914000 	C:\Windows\System32\KERNEL32.DLL
0x00007ffc7a350000 - 0x00007ffc7a722000 	C:\Windows\System32\KERNELBASE.dll
0x00007ffc79e50000 - 0x00007ffc79f61000 	C:\Windows\System32\ucrtbase.dll
0x00007ffc68810000 - 0x00007ffc6882b000 	C:\Program Files\Java\jdk-23\bin\VCRUNTIME140.dll
0x00007ffc687f0000 - 0x00007ffc68807000 	C:\Program Files\Java\jdk-23\bin\jli.dll
0x00007ffc7be70000 - 0x00007ffc7c021000 	C:\Windows\System32\USER32.dll
0x00007ffc79f70000 - 0x00007ffc79f96000 	C:\Windows\System32\win32u.dll
0x00007ffc65f70000 - 0x00007ffc6620b000 	C:\Windows\WinSxS\amd64_microsoft.windows.common-controls_6595b64144ccf1df_6.0.22621.5547_none_27104afb73855772\COMCTL32.dll
0x00007ffc7c920000 - 0x00007ffc7c949000 	C:\Windows\System32\GDI32.dll
0x00007ffc7a820000 - 0x00007ffc7a8c7000 	C:\Windows\System32\msvcrt.dll
0x00007ffc79c80000 - 0x00007ffc79da3000 	C:\Windows\System32\gdi32full.dll
0x00007ffc79db0000 - 0x00007ffc79e4a000 	C:\Windows\System32\msvcp_win.dll
0x00007ffc7c030000 - 0x00007ffc7c061000 	C:\Windows\System32\IMM32.DLL
0x00007ffc732c0000 - 0x00007ffc732cc000 	C:\Program Files\Java\jdk-23\bin\vcruntime140_1.dll
0x00007ffc5be50000 - 0x00007ffc5bede000 	C:\Program Files\Java\jdk-23\bin\msvcp140.dll
0x00007ffbf2350000 - 0x00007ffbf30a0000 	C:\Program Files\Java\jdk-23\bin\server\jvm.dll
0x00007ffc7c160000 - 0x00007ffc7c211000 	C:\Windows\System32\ADVAPI32.dll
0x00007ffc7aa70000 - 0x00007ffc7ab18000 	C:\Windows\System32\sechost.dll
0x00007ffc7a730000 - 0x00007ffc7a758000 	C:\Windows\System32\bcrypt.dll
0x00007ffc7c950000 - 0x00007ffc7ca64000 	C:\Windows\System32\RPCRT4.dll
0x00007ffc7ad40000 - 0x00007ffc7adb1000 	C:\Windows\System32\WS2_32.dll
0x00007ffc799a0000 - 0x00007ffc799ed000 	C:\Windows\SYSTEM32\POWRPROF.dll
0x00007ffc750c0000 - 0x00007ffc750f4000 	C:\Windows\SYSTEM32\WINMM.dll
0x00007ffc71710000 - 0x00007ffc7171a000 	C:\Windows\SYSTEM32\VERSION.dll
0x00007ffc79980000 - 0x00007ffc79993000 	C:\Windows\SYSTEM32\UMPDC.dll
0x00007ffc78c80000 - 0x00007ffc78c98000 	C:\Windows\SYSTEM32\kernel.appcore.dll
0x00007ffc68b50000 - 0x00007ffc68b5a000 	C:\Program Files\Java\jdk-23\bin\jimage.dll
0x00007ffc76a70000 - 0x00007ffc76ca3000 	C:\Windows\SYSTEM32\DBGHELP.DLL
0x00007ffc7b210000 - 0x00007ffc7b5a3000 	C:\Windows\System32\combase.dll
0x00007ffc7ca70000 - 0x00007ffc7cb47000 	C:\Windows\System32\OLEAUT32.dll
0x00007ffc64430000 - 0x00007ffc64462000 	C:\Windows\SYSTEM32\dbgcore.DLL
0x00007ffc7a0e0000 - 0x00007ffc7a15b000 	C:\Windows\System32\bcryptPrimitives.dll

dbghelp: loaded successfully - version: 4.0.5 - missing functions: none
symbol engine: initialized successfully - sym options: 0x614 - pdb path: .;C:\Program Files\Java\jdk-23\bin;C:\Windows\SYSTEM32;C:\Windows\WinSxS\amd64_microsoft.windows.common-controls_6595b64144ccf1df_6.0.22621.5547_none_27104afb73855772;C:\Program Files\Java\jdk-23\bin\server

VM Arguments:
java_command: <unknown>
java_class_path (initial): <not set>
Launcher Type: SUN_STANDARD

[Global flags]
     bool UseLargePagesIndividualAllocation        = false                                  {pd product} {ergonomic}

Logging:
Log output configuration:
 #0: stdout all=warning uptime,level,tags foldmultilines=false
 #1: stderr all=off uptime,level,tags foldmultilines=false

Environment Variables:
PATH=C:\Program Files\Common Files\Oracle\Java\javapath;C:\Program Files (x86)\VMware\VMware Workstation\bin\;C:\Windows\system32;C:\Windows;C:\Windows\System32\Wbem;C:\Windows\System32\WindowsPowerShell\v1.0\;C:\Windows\System32\OpenSSH\;C:\Program Files\Git\cmd;C:\Program Files\Java\jdk-21\bin;C:\Program Files\Java\jdk-23\bin;C:\Program Files\Java\jdk-17\bin;C:\Program Files\MySQL\MySQL Shell 8.0\bin\;C:\Users\smshu\AppData\Local\Programs\Python\Python312\Scripts\;C:\Users\smshu\AppData\Local\Programs\Python\Python312\;C:\Users\smshu\AppData\Local\Microsoft\WindowsApps;C:\Users\smshu\AppData\Local\Programs\Microsoft VS Code\bin;C:\MinGW\bin;
USERNAME=smshu
OS=Windows_NT
PROCESSOR_IDENTIFIER=AMD64 Family 23 Model 160 Stepping 0, AuthenticAMD
TMP=C:\Users\smshu\AppData\Local\Temp
TEMP=C:\Users\smshu\AppData\Local\Temp




Periodic native trim disabled

---------------  S Y S T E M  ---------------

OS:
 Windows 11 , 64 bit Build 22621 (10.0.22621.5415)
OS uptime: 2 days 1:37 hours

CPU: total 8 (initial active 0) 
Processor Information for the first 8 processors :
  Max Mhz: 2801, Current Mhz: 2801, Mhz Limit: 2801

Memory: 4k page, system-wide physical 5877M (323M free)
TotalPageFile size 24309M (AvailPageFile size 5M)
current process WorkingSet (physical memory assigned to process): 9M, peak: 9M
current process commit charge ("private bytes"): 3M, peak: 3M

vm_info: Java HotSpot(TM) 64-Bit Server VM (23.0.2+7-58) for windows-amd64 JRE (23.0.2+7-58), built on 2024-11-29T09:34:55Z with MS VC++ 17.6 (VS2022)

END.
