#
# There is insufficient memory for the Java Runtime Environment to continue.
# Native memory allocation (malloc) failed to allocate 32744 bytes. Error detail: Chunk::new
# Possible reasons:
#   The system is out of physical RAM or swap space
#   This process is running with CompressedOops enabled, and the Java Heap may be blocking the growth of the native heap
# Possible solutions:
#   Reduce memory load on the system
#   Increase physical memory or swap space
#   Check if swap backing store is full
#   Decrease Java heap size (-Xmx/-Xms)
#   Decrease number of Java threads
#   Decrease Java thread stack sizes (-Xss)
#   Set larger code cache with -XX:ReservedCodeCacheSize=
#   JVM is running with Unscaled Compressed Oops mode in which the Java heap is
#     placed in the first 4GB address space. The Java Heap base address is the
#     maximum limit for the native heap growth. Please use -XX:HeapBaseMinAddress
#     to set the Java Heap base and to place the Java Heap above 4GB virtual address.
# This output file may be truncated or incomplete.
#
#  Out of Memory Error (arena.cpp:149), pid=33476, tid=20868
#
# JRE version: Java(TM) SE Runtime Environment (23.0.2+7) (build 23.0.2+7-58)
# Java VM: Java HotSpot(TM) 64-Bit Server VM (23.0.2+7-58, mixed mode, sharing, tiered, compressed oops, compressed class ptrs, g1 gc, windows-amd64)
# No core dump will be written. Minidumps are not enabled by default on client versions of Windows
#

---------------  S U M M A R Y ------------

Command Line: -Dfile.encoding=UTF-8 --module-path=C:\Users\smshu\OneDrive\Documents\NetBeansProjects\bank management syste\build\classes bank.management.syste.SignupTow

Host: AMD Ryzen 5 7520U with Radeon Graphics         , 8 cores, 5G,  Windows 11 , 64 bit Build 22621 (10.0.22621.5415)
Time: Sat Jul 26 09:35:12 2025 India Standard Time elapsed time: 0.979110 seconds (0d 0h 0m 0s)

---------------  T H R E A D  ---------------

Current thread (0x000002854abd96f0):  JavaThread "C2 CompilerThread0" daemon [_thread_in_native, id=20868, stack(0x000000d6f9600000,0x000000d6f9700000) (1024K)]


Current CompileTask:
C2:979 1148   !   4      
[error occurred during error reporting (printing current compile task), id 0xe0000001, Out of Memory Error (s\open\src\hotspot\share\memory\arena.cpp:149)]
Stack: [0x000000d6f9600000,0x000000d6f9700000]
Native frames: (J=compiled Java code, j=interpreted, Vv=VM code, C=native code)
V  [jvm.dll+0x6e0b99]  (no source info available)
V  [jvm.dll+0x87e2b3]  (no source info available)
V  [jvm.dll+0x88073e]  (no source info available)
V  [jvm.dll+0x880e13]  (no source info available)
V  [jvm.dll+0x27b006]  (no source info available)
V  [jvm.dll+0xbc06f]  (no source info available)
V  [jvm.dll+0xbc2cb]  (no source info available)
V  [jvm.dll+0x7e54fc]  (no source info available)
V  [jvm.dll+0x7e55e9]  (no source info available)
V  [jvm.dll+0x6918f9]  (no source info available)
V  [jvm.dll+0x257f67]  (no source info available)
V  [jvm.dll+0x258567]  (no source info available)
V  [jvm.dll+0x87e117]  (no source info available)
V  [jvm.dll+0x88073e]  (no source info available)
V  [jvm.dll+0x880e13]  (no source info available)
V  [jvm.dll+0x27b006]  (no source info available)
V  [jvm.dll+0xbc06f]  (no source info available)
V  [jvm.dll+0xbc2cb]  (no source info available)
V  [jvm.dll+0x60c900]  (no source info available)
V  [jvm.dll+0x6079bf]  (no source info available)
V  [jvm.dll+0x60777a]  (no source info available)
V  [jvm.dll+0x60693b]  (no source info available)
V  [jvm.dll+0x24def2]  (no source info available)
V  [jvm.dll+0x2461bc]  (no source info available)
V  [jvm.dll+0x243e04]  (no source info available)
V  [jvm.dll+0x1c34b0]  (no source info available)
V  [jvm.dll+0x253df1]  (no source info available)
V  [jvm.dll+0x2520aa]  (no source info available)
V  [jvm.dll+0x3ee226]  (no source info available)
V  [jvm.dll+0x8254cb]  (no source info available)
V  [jvm.dll+0x6df345]  (no source info available)
C  [ucrtbase.dll+0x29333]  (no source info available)
C  [KERNEL32.DLL+0x1259d]  (no source info available)
C  [ntdll.dll+0x5af78]  (no source info available)

Lock stack of current Java thread (top to bottom):


---------------  P R O C E S S  ---------------

Threads class SMR info:
_java_thread_list=0x0000028590fcd7c0, length=15, elements={
0x000002854abbfd70, 0x000002854abc2b50, 0x000002854abc3ea0, 0x000002854abc80e0,
0x000002854abc8ea0, 0x000002854abcb390, 0x000002854abd96f0, 0x000002854abdd520,
0x000002854abcba20, 0x000002854abc9fe0, 0x000002854abca670, 0x000002854abcad00,
0x000002854abcc0b0, 0x000002854abcc740, 0x000002854abc9950
}

Java Threads: ( => current thread )
  0x000002854abbfd70 JavaThread "Reference Handler"          daemon [_thread_blocked, id=11712, stack(0x000000d6f9000000,0x000000d6f9100000) (1024K)]
  0x000002854abc2b50 JavaThread "Finalizer"                  daemon [_thread_blocked, id=24252, stack(0x000000d6f9100000,0x000000d6f9200000) (1024K)]
  0x000002854abc3ea0 JavaThread "Signal Dispatcher"          daemon [_thread_blocked, id=28232, stack(0x000000d6f9200000,0x000000d6f9300000) (1024K)]
  0x000002854abc80e0 JavaThread "Attach Listener"            daemon [_thread_blocked, id=26228, stack(0x000000d6f9300000,0x000000d6f9400000) (1024K)]
  0x000002854abc8ea0 JavaThread "Service Thread"             daemon [_thread_blocked, id=12128, stack(0x000000d6f9400000,0x000000d6f9500000) (1024K)]
  0x000002854abcb390 JavaThread "Monitor Deflation Thread"   daemon [_thread_blocked, id=20116, stack(0x000000d6f9500000,0x000000d6f9600000) (1024K)]
=>0x000002854abd96f0 JavaThread "C2 CompilerThread0"         daemon [_thread_in_native, id=20868, stack(0x000000d6f9600000,0x000000d6f9700000) (1024K)]
  0x000002854abdd520 JavaThread "C1 CompilerThread0"         daemon [_thread_blocked, id=9624, stack(0x000000d6f9700000,0x000000d6f9800000) (1024K)]
  0x000002854abcba20 JavaThread "Common-Cleaner"             daemon [_thread_blocked, id=25376, stack(0x000000d6f9800000,0x000000d6f9900000) (1024K)]
  0x000002854abc9fe0 JavaThread "Notification Thread"        daemon [_thread_blocked, id=32164, stack(0x000000d6f9900000,0x000000d6f9a00000) (1024K)]
  0x000002854abca670 JavaThread "Java2D Disposer"            daemon [_thread_blocked, id=32808, stack(0x000000d6f9a00000,0x000000d6f9b00000) (1024K)]
  0x000002854abcad00 JavaThread "AWT-Shutdown"                      [_thread_blocked, id=30788, stack(0x000000d6f9b00000,0x000000d6f9c00000) (1024K)]
  0x000002854abcc0b0 JavaThread "AWT-Windows"                daemon [_thread_in_native, id=28332, stack(0x000000d6f9c00000,0x000000d6f9d00000) (1024K)]
  0x000002854abcc740 JavaThread "AWT-EventQueue-0"                  [_thread_in_native, id=12052, stack(0x000000d6f9d00000,0x000000d6f9e00000) (1024K)]
  0x000002854abc9950 JavaThread "DestroyJavaVM"                     [_thread_blocked, id=31000, stack(0x000000d6f8800000,0x000000d6f8900000) (1024K)]
Total: 15

Other Threads:
  0x000002854aba6dc0 VMThread "VM Thread"                           [id=6560, stack(0x000000d6f8f00000,0x000000d6f9000000) (1024K)]
  0x000002854ab92280 WatcherThread "VM Periodic Task Thread"        [id=18068, stack(0x000000d6f8e00000,0x000000d6f8f00000) (1024K)]
  0x000002852ead1010 WorkerThread "GC Thread#0"                     [id=32456, stack(0x000000d6f8900000,0x000000d6f8a00000) (1024K)]
  0x000002852eae0610 ConcurrentGCThread "G1 Main Marker"            [id=2876, stack(0x000000d6f8a00000,0x000000d6f8b00000) (1024K)]
  0x000002852eae22e0 WorkerThread "G1 Conc#0"                       [id=29324, stack(0x000000d6f8b00000,0x000000d6f8c00000) (1024K)]
  0x000002852eb4e610 ConcurrentGCThread "G1 Refine#0"               [id=15960, stack(0x000000d6f8c00000,0x000000d6f8d00000) (1024K)]
  0x000002854aa6b360 ConcurrentGCThread "G1 Service"                [id=19340, stack(0x000000d6f8d00000,0x000000d6f8e00000) (1024K)]
Total: 7

Threads with active compile tasks:
C2 CompilerThread0  1005 1148   !   4       sun.font.TrueTypeFont::getTableBuffer (208 bytes)
Total: 1

VM state: not at safepoint (normal execution)

VM Mutex/Monitor currently owned by a thread: None

Heap address: 0x00000000a4200000, size: 1470 MB, Compressed Oops mode: 32-bit

CDS archive(s) mapped at: [0x000002854b000000-0x000002854bd70000-0x000002854bd70000), size 14090240, SharedBaseAddress: 0x000002854b000000, ArchiveRelocationMode: 1.
Compressed class space mapped at: 0x000002854c000000-0x000002858c000000, reserved size: 1073741824
Narrow klass base: 0x000002854b000000, Narrow klass shift: 0, Narrow klass range: 0x41000000

GC Precious Log:
 CardTable entry size: 512
 Card Set container configuration: InlinePtr #cards 5 size 8 Array Of Cards #cards 10 size 36 Howl #buckets 4 coarsen threshold 1843 Howl Bitmap #cards 512 size 80 coarsen threshold 460 Card regions per heap region 1 cards per card region 2048
 CPUs: 8 total, 8 available
 Memory: 5877M
 Large Page Support: Disabled
 NUMA Support: Disabled
 Compressed Oops: Enabled (32-bit)
 Heap Region Size: 1M
 Heap Min Capacity: 8M
 Heap Initial Capacity: 92M
 Heap Max Capacity: 1470M
 Pre-touch: Disabled
 Parallel Workers: 8
 Concurrent Workers: 2
 Concurrent Refinement Workers: 8
 Periodic GC: Disabled

Heap:
 garbage-first heap   total reserved 1505280K, committed 94208K, used 19456K [0x00000000a4200000, 0x0000000100000000)
  region size 1024K, 16 young (16384K), 0 survivors (0K)
 Metaspace       used 8671K, committed 8896K, reserved 1114112K
  class space    used 1031K, committed 1152K, reserved 1048576K

Heap Regions: E=young(eden), S=young(survivor), O=old, HS=humongous(starts), HC=humongous(continues), CS=collection set, F=free, TAMS=top-at-mark-start, PB=parsable bottom
|   0|0x00000000a4200000, 0x00000000a4300000, 0x00000000a4300000|100%|HS|  |TAMS 0x00000000a4200000| PB 0x00000000a4200000| Complete |  0
|   1|0x00000000a4300000, 0x00000000a4400000, 0x00000000a4400000|100%|HC|  |TAMS 0x00000000a4300000| PB 0x00000000a4300000| Complete |  0
|   2|0x00000000a4400000, 0x00000000a4500000, 0x00000000a4500000|100%|HC|  |TAMS 0x00000000a4400000| PB 0x00000000a4400000| Complete |  0
|   3|0x00000000a4500000, 0x00000000a4600000, 0x00000000a4600000|100%|HC|  |TAMS 0x00000000a4500000| PB 0x00000000a4500000| Complete |  0
|   4|0x00000000a4600000, 0x00000000a4600000, 0x00000000a4700000|  0%| F|  |TAMS 0x00000000a4600000| PB 0x00000000a4600000| Untracked |  0
|   5|0x00000000a4700000, 0x00000000a4700000, 0x00000000a4800000|  0%| F|  |TAMS 0x00000000a4700000| PB 0x00000000a4700000| Untracked |  0
|   6|0x00000000a4800000, 0x00000000a4800000, 0x00000000a4900000|  0%| F|  |TAMS 0x00000000a4800000| PB 0x00000000a4800000| Untracked |  0
|   7|0x00000000a4900000, 0x00000000a4900000, 0x00000000a4a00000|  0%| F|  |TAMS 0x00000000a4900000| PB 0x00000000a4900000| Untracked |  0
|   8|0x00000000a4a00000, 0x00000000a4a00000, 0x00000000a4b00000|  0%| F|  |TAMS 0x00000000a4a00000| PB 0x00000000a4a00000| Untracked |  0
|   9|0x00000000a4b00000, 0x00000000a4b00000, 0x00000000a4c00000|  0%| F|  |TAMS 0x00000000a4b00000| PB 0x00000000a4b00000| Untracked |  0
|  10|0x00000000a4c00000, 0x00000000a4c00000, 0x00000000a4d00000|  0%| F|  |TAMS 0x00000000a4c00000| PB 0x00000000a4c00000| Untracked |  0
|  11|0x00000000a4d00000, 0x00000000a4d00000, 0x00000000a4e00000|  0%| F|  |TAMS 0x00000000a4d00000| PB 0x00000000a4d00000| Untracked |  0
|  12|0x00000000a4e00000, 0x00000000a4e00000, 0x00000000a4f00000|  0%| F|  |TAMS 0x00000000a4e00000| PB 0x00000000a4e00000| Untracked |  0
|  13|0x00000000a4f00000, 0x00000000a4f00000, 0x00000000a5000000|  0%| F|  |TAMS 0x00000000a4f00000| PB 0x00000000a4f00000| Untracked |  0
|  14|0x00000000a5000000, 0x00000000a5000000, 0x00000000a5100000|  0%| F|  |TAMS 0x00000000a5000000| PB 0x00000000a5000000| Untracked |  0
|  15|0x00000000a5100000, 0x00000000a5100000, 0x00000000a5200000|  0%| F|  |TAMS 0x00000000a5100000| PB 0x00000000a5100000| Untracked |  0
|  16|0x00000000a5200000, 0x00000000a5200000, 0x00000000a5300000|  0%| F|  |TAMS 0x00000000a5200000| PB 0x00000000a5200000| Untracked |  0
|  17|0x00000000a5300000, 0x00000000a5300000, 0x00000000a5400000|  0%| F|  |TAMS 0x00000000a5300000| PB 0x00000000a5300000| Untracked |  0
|  18|0x00000000a5400000, 0x00000000a5400000, 0x00000000a5500000|  0%| F|  |TAMS 0x00000000a5400000| PB 0x00000000a5400000| Untracked |  0
|  19|0x00000000a5500000, 0x00000000a5500000, 0x00000000a5600000|  0%| F|  |TAMS 0x00000000a5500000| PB 0x00000000a5500000| Untracked |  0
|  20|0x00000000a5600000, 0x00000000a5600000, 0x00000000a5700000|  0%| F|  |TAMS 0x00000000a5600000| PB 0x00000000a5600000| Untracked |  0
|  21|0x00000000a5700000, 0x00000000a5700000, 0x00000000a5800000|  0%| F|  |TAMS 0x00000000a5700000| PB 0x00000000a5700000| Untracked |  0
|  22|0x00000000a5800000, 0x00000000a5800000, 0x00000000a5900000|  0%| F|  |TAMS 0x00000000a5800000| PB 0x00000000a5800000| Untracked |  0
|  23|0x00000000a5900000, 0x00000000a5900000, 0x00000000a5a00000|  0%| F|  |TAMS 0x00000000a5900000| PB 0x00000000a5900000| Untracked |  0
|  24|0x00000000a5a00000, 0x00000000a5a00000, 0x00000000a5b00000|  0%| F|  |TAMS 0x00000000a5a00000| PB 0x00000000a5a00000| Untracked |  0
|  25|0x00000000a5b00000, 0x00000000a5b00000, 0x00000000a5c00000|  0%| F|  |TAMS 0x00000000a5b00000| PB 0x00000000a5b00000| Untracked |  0
|  26|0x00000000a5c00000, 0x00000000a5c00000, 0x00000000a5d00000|  0%| F|  |TAMS 0x00000000a5c00000| PB 0x00000000a5c00000| Untracked |  0
|  27|0x00000000a5d00000, 0x00000000a5d00000, 0x00000000a5e00000|  0%| F|  |TAMS 0x00000000a5d00000| PB 0x00000000a5d00000| Untracked |  0
|  28|0x00000000a5e00000, 0x00000000a5e00000, 0x00000000a5f00000|  0%| F|  |TAMS 0x00000000a5e00000| PB 0x00000000a5e00000| Untracked |  0
|  29|0x00000000a5f00000, 0x00000000a5f00000, 0x00000000a6000000|  0%| F|  |TAMS 0x00000000a5f00000| PB 0x00000000a5f00000| Untracked |  0
|  30|0x00000000a6000000, 0x00000000a6000000, 0x00000000a6100000|  0%| F|  |TAMS 0x00000000a6000000| PB 0x00000000a6000000| Untracked |  0
|  31|0x00000000a6100000, 0x00000000a6100000, 0x00000000a6200000|  0%| F|  |TAMS 0x00000000a6100000| PB 0x00000000a6100000| Untracked |  0
|  32|0x00000000a6200000, 0x00000000a6200000, 0x00000000a6300000|  0%| F|  |TAMS 0x00000000a6200000| PB 0x00000000a6200000| Untracked |  0
|  33|0x00000000a6300000, 0x00000000a6300000, 0x00000000a6400000|  0%| F|  |TAMS 0x00000000a6300000| PB 0x00000000a6300000| Untracked |  0
|  34|0x00000000a6400000, 0x00000000a6400000, 0x00000000a6500000|  0%| F|  |TAMS 0x00000000a6400000| PB 0x00000000a6400000| Untracked |  0
|  35|0x00000000a6500000, 0x00000000a6500000, 0x00000000a6600000|  0%| F|  |TAMS 0x00000000a6500000| PB 0x00000000a6500000| Untracked |  0
|  36|0x00000000a6600000, 0x00000000a6600000, 0x00000000a6700000|  0%| F|  |TAMS 0x00000000a6600000| PB 0x00000000a6600000| Untracked |  0
|  37|0x00000000a6700000, 0x00000000a6700000, 0x00000000a6800000|  0%| F|  |TAMS 0x00000000a6700000| PB 0x00000000a6700000| Untracked |  0
|  38|0x00000000a6800000, 0x00000000a6800000, 0x00000000a6900000|  0%| F|  |TAMS 0x00000000a6800000| PB 0x00000000a6800000| Untracked |  0
|  39|0x00000000a6900000, 0x00000000a6900000, 0x00000000a6a00000|  0%| F|  |TAMS 0x00000000a6900000| PB 0x00000000a6900000| Untracked |  0
|  40|0x00000000a6a00000, 0x00000000a6a00000, 0x00000000a6b00000|  0%| F|  |TAMS 0x00000000a6a00000| PB 0x00000000a6a00000| Untracked |  0
|  41|0x00000000a6b00000, 0x00000000a6b00000, 0x00000000a6c00000|  0%| F|  |TAMS 0x00000000a6b00000| PB 0x00000000a6b00000| Untracked |  0
|  42|0x00000000a6c00000, 0x00000000a6c00000, 0x00000000a6d00000|  0%| F|  |TAMS 0x00000000a6c00000| PB 0x00000000a6c00000| Untracked |  0
|  43|0x00000000a6d00000, 0x00000000a6d00000, 0x00000000a6e00000|  0%| F|  |TAMS 0x00000000a6d00000| PB 0x00000000a6d00000| Untracked |  0
|  44|0x00000000a6e00000, 0x00000000a6e00000, 0x00000000a6f00000|  0%| F|  |TAMS 0x00000000a6e00000| PB 0x00000000a6e00000| Untracked |  0
|  45|0x00000000a6f00000, 0x00000000a6f00000, 0x00000000a7000000|  0%| F|  |TAMS 0x00000000a6f00000| PB 0x00000000a6f00000| Untracked |  0
|  46|0x00000000a7000000, 0x00000000a7000000, 0x00000000a7100000|  0%| F|  |TAMS 0x00000000a7000000| PB 0x00000000a7000000| Untracked |  0
|  47|0x00000000a7100000, 0x00000000a7100000, 0x00000000a7200000|  0%| F|  |TAMS 0x00000000a7100000| PB 0x00000000a7100000| Untracked |  0
|  48|0x00000000a7200000, 0x00000000a7200000, 0x00000000a7300000|  0%| F|  |TAMS 0x00000000a7200000| PB 0x00000000a7200000| Untracked |  0
|  49|0x00000000a7300000, 0x00000000a7300000, 0x00000000a7400000|  0%| F|  |TAMS 0x00000000a7300000| PB 0x00000000a7300000| Untracked |  0
|  50|0x00000000a7400000, 0x00000000a7400000, 0x00000000a7500000|  0%| F|  |TAMS 0x00000000a7400000| PB 0x00000000a7400000| Untracked |  0
|  51|0x00000000a7500000, 0x00000000a7500000, 0x00000000a7600000|  0%| F|  |TAMS 0x00000000a7500000| PB 0x00000000a7500000| Untracked |  0
|  52|0x00000000a7600000, 0x00000000a7600000, 0x00000000a7700000|  0%| F|  |TAMS 0x00000000a7600000| PB 0x00000000a7600000| Untracked |  0
|  53|0x00000000a7700000, 0x00000000a7700000, 0x00000000a7800000|  0%| F|  |TAMS 0x00000000a7700000| PB 0x00000000a7700000| Untracked |  0
|  54|0x00000000a7800000, 0x00000000a7800000, 0x00000000a7900000|  0%| F|  |TAMS 0x00000000a7800000| PB 0x00000000a7800000| Untracked |  0
|  55|0x00000000a7900000, 0x00000000a7900000, 0x00000000a7a00000|  0%| F|  |TAMS 0x00000000a7900000| PB 0x00000000a7900000| Untracked |  0
|  56|0x00000000a7a00000, 0x00000000a7a00000, 0x00000000a7b00000|  0%| F|  |TAMS 0x00000000a7a00000| PB 0x00000000a7a00000| Untracked |  0
|  57|0x00000000a7b00000, 0x00000000a7b00000, 0x00000000a7c00000|  0%| F|  |TAMS 0x00000000a7b00000| PB 0x00000000a7b00000| Untracked |  0
|  58|0x00000000a7c00000, 0x00000000a7c00000, 0x00000000a7d00000|  0%| F|  |TAMS 0x00000000a7c00000| PB 0x00000000a7c00000| Untracked |  0
|  59|0x00000000a7d00000, 0x00000000a7d00000, 0x00000000a7e00000|  0%| F|  |TAMS 0x00000000a7d00000| PB 0x00000000a7d00000| Untracked |  0
|  60|0x00000000a7e00000, 0x00000000a7e00000, 0x00000000a7f00000|  0%| F|  |TAMS 0x00000000a7e00000| PB 0x00000000a7e00000| Untracked |  0
|  61|0x00000000a7f00000, 0x00000000a7f00000, 0x00000000a8000000|  0%| F|  |TAMS 0x00000000a7f00000| PB 0x00000000a7f00000| Untracked |  0
|  62|0x00000000a8000000, 0x00000000a8000000, 0x00000000a8100000|  0%| F|  |TAMS 0x00000000a8000000| PB 0x00000000a8000000| Untracked |  0
|  63|0x00000000a8100000, 0x00000000a8100000, 0x00000000a8200000|  0%| F|  |TAMS 0x00000000a8100000| PB 0x00000000a8100000| Untracked |  0
|  64|0x00000000a8200000, 0x00000000a8200000, 0x00000000a8300000|  0%| F|  |TAMS 0x00000000a8200000| PB 0x00000000a8200000| Untracked |  0
|  65|0x00000000a8300000, 0x00000000a8300000, 0x00000000a8400000|  0%| F|  |TAMS 0x00000000a8300000| PB 0x00000000a8300000| Untracked |  0
|  66|0x00000000a8400000, 0x00000000a8400000, 0x00000000a8500000|  0%| F|  |TAMS 0x00000000a8400000| PB 0x00000000a8400000| Untracked |  0
|  67|0x00000000a8500000, 0x00000000a8500000, 0x00000000a8600000|  0%| F|  |TAMS 0x00000000a8500000| PB 0x00000000a8500000| Untracked |  0
|  68|0x00000000a8600000, 0x00000000a8600000, 0x00000000a8700000|  0%| F|  |TAMS 0x00000000a8600000| PB 0x00000000a8600000| Untracked |  0
|  69|0x00000000a8700000, 0x00000000a8700000, 0x00000000a8800000|  0%| F|  |TAMS 0x00000000a8700000| PB 0x00000000a8700000| Untracked |  0
|  70|0x00000000a8800000, 0x00000000a8800000, 0x00000000a8900000|  0%| F|  |TAMS 0x00000000a8800000| PB 0x00000000a8800000| Untracked |  0
|  71|0x00000000a8900000, 0x00000000a8900000, 0x00000000a8a00000|  0%| F|  |TAMS 0x00000000a8900000| PB 0x00000000a8900000| Untracked |  0
|  72|0x00000000a8a00000, 0x00000000a8a00000, 0x00000000a8b00000|  0%| F|  |TAMS 0x00000000a8a00000| PB 0x00000000a8a00000| Untracked |  0
|  73|0x00000000a8b00000, 0x00000000a8b00000, 0x00000000a8c00000|  0%| F|  |TAMS 0x00000000a8b00000| PB 0x00000000a8b00000| Untracked |  0
|  74|0x00000000a8c00000, 0x00000000a8c00000, 0x00000000a8d00000|  0%| F|  |TAMS 0x00000000a8c00000| PB 0x00000000a8c00000| Untracked |  0
|  75|0x00000000a8d00000, 0x00000000a8d00000, 0x00000000a8e00000|  0%| F|  |TAMS 0x00000000a8d00000| PB 0x00000000a8d00000| Untracked |  0
|  76|0x00000000a8e00000, 0x00000000a8e7af20, 0x00000000a8f00000| 48%| E|  |TAMS 0x00000000a8e00000| PB 0x00000000a8e00000| Complete |  0
|  77|0x00000000a8f00000, 0x00000000a9000000, 0x00000000a9000000|100%| E|CS|TAMS 0x00000000a8f00000| PB 0x00000000a8f00000| Complete |  0
|  78|0x00000000a9000000, 0x00000000a9100000, 0x00000000a9100000|100%| E|CS|TAMS 0x00000000a9000000| PB 0x00000000a9000000| Complete |  0
|  79|0x00000000a9100000, 0x00000000a9200000, 0x00000000a9200000|100%| E|CS|TAMS 0x00000000a9100000| PB 0x00000000a9100000| Complete |  0
|  80|0x00000000a9200000, 0x00000000a9300000, 0x00000000a9300000|100%| E|CS|TAMS 0x00000000a9200000| PB 0x00000000a9200000| Complete |  0
|  81|0x00000000a9300000, 0x00000000a9400000, 0x00000000a9400000|100%| E|CS|TAMS 0x00000000a9300000| PB 0x00000000a9300000| Complete |  0
|  82|0x00000000a9400000, 0x00000000a9500000, 0x00000000a9500000|100%| E|CS|TAMS 0x00000000a9400000| PB 0x00000000a9400000| Complete |  0
|  83|0x00000000a9500000, 0x00000000a9600000, 0x00000000a9600000|100%| E|CS|TAMS 0x00000000a9500000| PB 0x00000000a9500000| Complete |  0
|  84|0x00000000a9600000, 0x00000000a9700000, 0x00000000a9700000|100%| E|CS|TAMS 0x00000000a9600000| PB 0x00000000a9600000| Complete |  0
|  85|0x00000000a9700000, 0x00000000a9800000, 0x00000000a9800000|100%| E|CS|TAMS 0x00000000a9700000| PB 0x00000000a9700000| Complete |  0
|  86|0x00000000a9800000, 0x00000000a9900000, 0x00000000a9900000|100%| E|CS|TAMS 0x00000000a9800000| PB 0x00000000a9800000| Complete |  0
|  87|0x00000000a9900000, 0x00000000a9a00000, 0x00000000a9a00000|100%| E|CS|TAMS 0x00000000a9900000| PB 0x00000000a9900000| Complete |  0
|  88|0x00000000a9a00000, 0x00000000a9b00000, 0x00000000a9b00000|100%| E|CS|TAMS 0x00000000a9a00000| PB 0x00000000a9a00000| Complete |  0
|  89|0x00000000a9b00000, 0x00000000a9c00000, 0x00000000a9c00000|100%| E|CS|TAMS 0x00000000a9b00000| PB 0x00000000a9b00000| Complete |  0
|  90|0x00000000a9c00000, 0x00000000a9d00000, 0x00000000a9d00000|100%| E|CS|TAMS 0x00000000a9c00000| PB 0x00000000a9c00000| Complete |  0
|  91|0x00000000a9d00000, 0x00000000a9e00000, 0x00000000a9e00000|100%| E|CS|TAMS 0x00000000a9d00000| PB 0x00000000a9d00000| Complete |  0

Card table byte_map: [0x00000285467f0000,0x0000028546ad0000] _byte_map_base: 0x00000285462cf000

Marking Bits: (CMBitMap*) 0x000002852ead1720
 Bits: [0x0000028546ad0000, 0x00000285481c8000)

Polling page: 0x000002852c920000

Metaspace:

Usage:
  Non-class:      7.46 MB used.
      Class:      1.01 MB used.
       Both:      8.47 MB used.

Virtual space:
  Non-class space:       64.00 MB reserved,       7.56 MB ( 12%) committed,  1 nodes.
      Class space:        1.00 GB reserved,       1.12 MB ( <1%) committed,  1 nodes.
             Both:        1.06 GB reserved,       8.69 MB ( <1%) committed. 

Chunk freelists:
   Non-Class:  8.48 MB
       Class:  14.74 MB
        Both:  23.21 MB

MaxMetaspaceSize: unlimited
CompressedClassSpaceSize: 1.00 GB
Initial GC threshold: 21.00 MB
Current GC threshold: 21.00 MB
CDS: on
 - commit_granule_bytes: 65536.
 - commit_granule_words: 8192.
 - virtual_space_node_default_size: 8388608.
 - enlarge_chunks_in_place: 1.
 - use_allocation_guard: 0.


Internal statistics:

num_allocs_failed_limit: 0.
num_arena_births: 140.
num_arena_deaths: 0.
num_vsnodes_births: 2.
num_vsnodes_deaths: 0.
num_space_committed: 139.
num_space_uncommitted: 0.
num_chunks_returned_to_freelist: 0.
num_chunks_taken_from_freelist: 180.
num_chunk_merges: 0.
num_chunk_splits: 105.
num_chunks_enlarged: 38.
num_inconsistent_stats: 0.

CodeHeap 'non-profiled nmethods': size=120064Kb used=283Kb max_used=283Kb free=119780Kb
 bounds [0x000002853ec90000, 0x000002853ef00000, 0x00000285461d0000]
CodeHeap 'profiled nmethods': size=120000Kb used=1429Kb max_used=1429Kb free=118570Kb
 bounds [0x00000285371d0000, 0x0000028537440000, 0x000002853e700000]
CodeHeap 'non-nmethods': size=5696Kb used=1540Kb max_used=1540Kb free=4155Kb
 bounds [0x000002853e700000, 0x000002853e970000, 0x000002853ec90000]
CodeCache: size=245760Kb, used=3252Kb, max_used=3252Kb, free=242505Kb
 total_blobs=1787, nmethods=1161, adapters=532, full_count=0
Compilation: enabled, stopped_count=0, restarted_count=0

Compilation events (20 events):
Event: 0.955 Thread 0x000002854abdd520 nmethod 1146 0x0000028537330188 code [0x00000285373302c0, 0x0000028537330538]
Event: 0.956 Thread 0x000002854abd96f0 1147       4       java.lang.ThreadLocal::getCarrierThreadLocal (29 bytes)
Event: 0.957 Thread 0x000002854abd96f0 nmethod 1147 0x000002853ecd6988 code [0x000002853ecd6aa0, 0x000002853ecd6c18]
Event: 0.957 Thread 0x000002854abd96f0 1148   !   4       sun.font.TrueTypeFont::getTableBuffer (208 bytes)
Event: 0.961 Thread 0x000002854abdd520 1149       3       sun.nio.ch.FileChannelImpl::open (18 bytes)
Event: 0.961 Thread 0x000002854abdd520 nmethod 1149 0x0000028537330588 code [0x00000285373306a0, 0x0000028537330868]
Event: 0.961 Thread 0x000002854abdd520 1150       3       java.util.HashMap::prepareArray (38 bytes)
Event: 0.961 Thread 0x000002854abdd520 nmethod 1150 0x0000028537330888 code [0x0000028537330a00, 0x0000028537330fa8]
Event: 0.961 Thread 0x000002854abdd520 1151       3       java.util.HashSet::toArray (16 bytes)
Event: 0.961 Thread 0x000002854abdd520 nmethod 1151 0x0000028537331008 code [0x0000028537331140, 0x0000028537331360]
Event: 0.965 Thread 0x000002854abdd520 1153       3       java.util.Locale::getDefault (4 bytes)
Event: 0.965 Thread 0x000002854abdd520 nmethod 1153 0x0000028537331388 code [0x00000285373314a0, 0x0000028537331598]
Event: 0.966 Thread 0x000002854abdd520 1155       3       java.lang.String::toLowerCase (8 bytes)
Event: 0.966 Thread 0x000002854abdd520 nmethod 1155 0x0000028537331688 code [0x00000285373317e0, 0x0000028537331b60]
Event: 0.970 Thread 0x000002854abdd520 1156   !   3       sun.font.TrueTypeFont::getAllFullNames (30 bytes)
Event: 0.971 Thread 0x000002854abdd520 nmethod 1156 0x0000028537331b88 code [0x0000028537331d20, 0x00000285373325e0]
Event: 0.971 Thread 0x000002854abdd520 1158  s    3       sun.font.FontFamily::addLocaleNames (45 bytes)
Event: 0.972 Thread 0x000002854abdd520 nmethod 1158 0x0000028537332688 code [0x0000028537332840, 0x0000028537333140]
Event: 0.972 Thread 0x000002854abdd520 1157   !   3       sun.font.TrueTypeFont::getAllFamilyNames (30 bytes)
Event: 0.972 Thread 0x000002854abdd520 nmethod 1157 0x0000028537333208 code [0x00000285373333a0, 0x0000028537333c60]

GC Heap History (0 events):
No events

Dll operation events (9 events):
Event: 0.011 Loaded shared library C:\Program Files\Java\jdk-23\bin\java.dll
Event: 0.045 Loaded shared library C:\Program Files\Java\jdk-23\bin\jsvml.dll
Event: 0.081 Loaded shared library C:\Program Files\Java\jdk-23\bin\net.dll
Event: 0.083 Loaded shared library C:\Program Files\Java\jdk-23\bin\nio.dll
Event: 0.105 Loaded shared library C:\Program Files\Java\jdk-23\bin\zip.dll
Event: 0.120 Loaded shared library C:\Program Files\Java\jdk-23\bin\jimage.dll
Event: 0.136 Loaded shared library C:\Program Files\Java\jdk-23\bin\awt.dll
Event: 0.554 Loaded shared library C:\Program Files\Java\jdk-23\bin\freetype.dll
Event: 0.555 Loaded shared library C:\Program Files\Java\jdk-23\bin\fontmanager.dll

Deoptimization events (12 events):
Event: 0.334 Thread 0x000002852ea895c0 Uncommon trap: trap_request=0xffffff45 fr.pc=0x000002853eca18b0 relative=0x00000000000009f0
Event: 0.334 Thread 0x000002852ea895c0 Uncommon trap: reason=unstable_if action=reinterpret pc=0x000002853eca18b0 method=java.util.HashMap.putVal(ILjava/lang/Object;Ljava/lang/Object;ZZ)Ljava/lang/Object; @ 236 c2
Event: 0.334 Thread 0x000002852ea895c0 DEOPT PACKING pc=0x000002853eca18b0 sp=0x000000d6f88fdc10
Event: 0.334 Thread 0x000002852ea895c0 DEOPT UNPACKING pc=0x000002853e754402 sp=0x000000d6f88fdbc8 mode 2
Event: 0.920 Thread 0x000002854abcc740 Uncommon trap: trap_request=0xffffff45 fr.pc=0x000002853ec9c848 relative=0x0000000000000288
Event: 0.920 Thread 0x000002854abcc740 Uncommon trap: reason=unstable_if action=reinterpret pc=0x000002853ec9c848 method=java.lang.String.isLatin1()Z @ 10 c2
Event: 0.920 Thread 0x000002854abcc740 DEOPT PACKING pc=0x000002853ec9c848 sp=0x000000d6f9dfcf50
Event: 0.920 Thread 0x000002854abcc740 DEOPT UNPACKING pc=0x000002853e754402 sp=0x000000d6f9dfce80 mode 2
Event: 0.947 Thread 0x000002854abcc740 Uncommon trap: trap_request=0xffffff45 fr.pc=0x000002853ecd4ae8 relative=0x00000000000003a8
Event: 0.947 Thread 0x000002854abcc740 Uncommon trap: reason=unstable_if action=reinterpret pc=0x000002853ecd4ae8 method=java.lang.Character.isSurrogate(C)Z @ 3 c2
Event: 0.947 Thread 0x000002854abcc740 DEOPT PACKING pc=0x000002853ecd4ae8 sp=0x000000d6f9dfcc10
Event: 0.947 Thread 0x000002854abcc740 DEOPT UNPACKING pc=0x000002853e754402 sp=0x000000d6f9dfcb18 mode 2

Classes loaded (20 events):
Event: 0.687 Loading class sun/font/TrueTypeFont$DirectoryEntry
Event: 0.687 Loading class sun/font/TrueTypeFont$DirectoryEntry done
Event: 0.687 Loading class java/nio/ByteBufferAsShortBufferB
Event: 0.687 Loading class java/nio/ShortBuffer
Event: 0.687 Loading class java/nio/ShortBuffer done
Event: 0.688 Loading class java/nio/ByteBufferAsShortBufferB done
Event: 0.688 Loading class sun/nio/cs/UTF_16$Decoder
Event: 0.688 Loading class sun/nio/cs/UnicodeDecoder
Event: 0.688 Loading class sun/nio/cs/UnicodeDecoder done
Event: 0.688 Loading class sun/nio/cs/UTF_16$Decoder done
Event: 0.699 Loading class jdk/internal/foreign/MemorySessionImpl
Event: 0.700 Loading class java/lang/foreign/MemorySegment$Scope
Event: 0.700 Loading class java/lang/foreign/MemorySegment$Scope done
Event: 0.700 Loading class jdk/internal/foreign/MemorySessionImpl done
Event: 0.709 Loading class sun/font/SunFontManager$8
Event: 0.709 Loading class sun/font/SunFontManager$8 done
Event: 0.710 Loading class sun/font/SunFontManager$9
Event: 0.710 Loading class sun/font/SunFontManager$9 done
Event: 0.928 Loading class java/lang/foreign/MemorySegment
Event: 0.929 Loading class java/lang/foreign/MemorySegment done

Classes unloaded (0 events):
No events

Classes redefined (0 events):
No events

Internal exceptions (14 events):
Event: 0.084 Thread 0x000002852ea895c0 Exception <a 'sun/nio/fs/WindowsException'{0x00000000a9c4c428}> (0x00000000a9c4c428) 
thrown [s\open\src\hotspot\share\prims\jni.cpp, line 520]
Event: 0.085 Thread 0x000002852ea895c0 Exception <a 'sun/nio/fs/WindowsException'{0x00000000a9c4eb60}> (0x00000000a9c4eb60) 
thrown [s\open\src\hotspot\share\prims\jni.cpp, line 520]
Event: 0.086 Thread 0x000002852ea895c0 Exception <a 'sun/nio/fs/WindowsException'{0x00000000a9c4f6c8}> (0x00000000a9c4f6c8) 
thrown [s\open\src\hotspot\share\prims\jni.cpp, line 520]
Event: 0.126 Thread 0x000002852ea895c0 Exception <a 'java/lang/ClassNotFoundException'{0x00000000a9b99210}: sun/awt/resources/spi/awtProvider> (0x00000000a9b99210) 
thrown [s\open\src\hotspot\share\classfile\systemDictionary.cpp, line 313]
Event: 0.151 Thread 0x000002852ea895c0 Exception <a 'java/io/FileNotFoundException'{0x00000000a9becd70}> (0x00000000a9becd70) 
thrown [s\open\src\hotspot\share\prims\jni.cpp, line 520]
Event: 0.158 Thread 0x000002852ea895c0 Exception <a 'java/io/FileNotFoundException'{0x00000000a9a1b598}> (0x00000000a9a1b598) 
thrown [s\open\src\hotspot\share\prims\jni.cpp, line 520]
Event: 0.338 Thread 0x000002852ea895c0 Exception <a 'java/lang/NoSuchMethodError'{0x00000000a9ab5630}: 'void java.lang.invoke.DirectMethodHandle$Holder.invokeSpecial(java.lang.Object, java.lang.Object, java.lang.Object)'> (0x00000000a9ab5630) 
thrown [s\open\src\hotspot\share\interpreter\linkResolver.cpp, line 796]
Event: 0.362 Thread 0x000002852ea895c0 Exception <a 'java/lang/NoSuchMethodError'{0x00000000a998a138}: 'java.lang.Object java.lang.invoke.DirectMethodHandle$Holder.invokeStatic(java.lang.Object, int, java.lang.Object)'> (0x00000000a998a138) 
thrown [s\open\src\hotspot\share\interpreter\linkResolver.cpp, line 796]
Event: 0.415 Thread 0x000002852ea895c0 Exception <a 'java/lang/ClassNotFoundException'{0x00000000a9831100}: com/sun/swing/internal/plaf/metal/resources/spi/metalProvider> (0x00000000a9831100) 
thrown [s\open\src\hotspot\share\classfile\systemDictionary.cpp, line 313]
Event: 0.416 Thread 0x000002852ea895c0 Exception <a 'java/lang/ClassNotFoundException'{0x00000000a9835070}: com/sun/swing/internal/plaf/basic/resources/spi/basicProvider> (0x00000000a9835070) 
thrown [s\open\src\hotspot\share\classfile\systemDictionary.cpp, line 313]
Event: 0.427 Thread 0x000002852ea895c0 Exception <a 'java/lang/NoSuchMethodError'{0x00000000a9854988}: 'int java.lang.invoke.Invokers$Holder.invokeExact_MT(java.lang.Object, java.lang.Object)'> (0x00000000a9854988) 
thrown [s\open\src\hotspot\share\interpreter\linkResolver.cpp, line 796]
Event: 0.532 Thread 0x000002854abcc0b0 Exception <a 'java/lang/NoSuchMethodError'{0x00000000a990ea38}: 'void java.lang.invoke.DirectMethodHandle$Holder.invokeVirtual(java.lang.Object, java.lang.Object)'> (0x00000000a990ea38) 
thrown [s\open\src\hotspot\share\interpreter\linkResolver.cpp, line 796]
Event: 0.549 Thread 0x000002852ea895c0 Exception <a 'java/lang/NoSuchMethodError'{0x00000000a98eb500}: 'void java.lang.invoke.DirectMethodHandle$Holder.invokeStaticInit(java.lang.Object)'> (0x00000000a98eb500) 
thrown [s\open\src\hotspot\share\interpreter\linkResolver.cpp, line 796]
Event: 0.561 Thread 0x000002852ea895c0 Exception <a 'java/io/FileNotFoundException'{0x00000000a97017a8}> (0x00000000a97017a8) 
thrown [s\open\src\hotspot\share\prims\jni.cpp, line 520]

VM Operations (8 events):
Event: 0.087 Executing VM operation: HandshakeAllThreads (Deoptimize)
Event: 0.087 Executing VM operation: HandshakeAllThreads (Deoptimize) done
Event: 0.168 Executing VM operation: HandshakeAllThreads (Deoptimize)
Event: 0.168 Executing VM operation: HandshakeAllThreads (Deoptimize) done
Event: 0.434 Executing VM operation: HandshakeAllThreads (Deoptimize)
Event: 0.434 Executing VM operation: HandshakeAllThreads (Deoptimize) done
Event: 0.649 Executing VM operation: HandshakeAllThreads (Deoptimize)
Event: 0.649 Executing VM operation: HandshakeAllThreads (Deoptimize) done

Memory protections (0 events):
No events

Nmethod flushes (0 events):
No events

Events (17 events):
Event: 0.029 Thread 0x000002852ea895c0 Thread added: 0x000002852ea895c0
Event: 0.043 Thread 0x000002852ea895c0 Thread added: 0x000002854abbfd70
Event: 0.043 Thread 0x000002852ea895c0 Thread added: 0x000002854abc2b50
Event: 0.043 Thread 0x000002852ea895c0 Thread added: 0x000002854abc3ea0
Event: 0.043 Thread 0x000002852ea895c0 Thread added: 0x000002854abc80e0
Event: 0.043 Thread 0x000002852ea895c0 Thread added: 0x000002854abc8ea0
Event: 0.043 Thread 0x000002852ea895c0 Thread added: 0x000002854abcb390
Event: 0.043 Thread 0x000002852ea895c0 Thread added: 0x000002854abd96f0
Event: 0.044 Thread 0x000002852ea895c0 Thread added: 0x000002854abdd520
Event: 0.068 Thread 0x000002852ea895c0 Thread added: 0x000002854abcba20
Event: 0.099 Thread 0x000002852ea895c0 Thread added: 0x000002854abc9fe0
Event: 0.212 Thread 0x000002852ea895c0 Thread added: 0x000002854abca670
Event: 0.213 Thread 0x000002852ea895c0 Thread added: 0x000002854abcad00
Event: 0.215 Thread 0x000002852ea895c0 Thread added: 0x000002854abcc0b0
Event: 0.467 Thread 0x000002852ea895c0 Thread added: 0x000002854abcc740
Event: 0.648 Thread 0x000002852ea895c0 Thread exited: 0x000002852ea895c0
Event: 0.648 Thread 0x000002854abc9950 Thread added: 0x000002854abc9950


Dynamic libraries:
0x00007ff615980000 - 0x00007ff615990000 	C:\Program Files\Java\jdk-23\bin\java.exe
0x00007ffc7cb90000 - 0x00007ffc7cda7000 	C:\Windows\SYSTEM32\ntdll.dll
0x00007ffc7c850000 - 0x00007ffc7c914000 	C:\Windows\System32\KERNEL32.DLL
0x00007ffc7a350000 - 0x00007ffc7a722000 	C:\Windows\System32\KERNELBASE.dll
0x00007ffc79e50000 - 0x00007ffc79f61000 	C:\Windows\System32\ucrtbase.dll
0x00007ffc687f0000 - 0x00007ffc68807000 	C:\Program Files\Java\jdk-23\bin\jli.dll
0x00007ffc68810000 - 0x00007ffc6882b000 	C:\Program Files\Java\jdk-23\bin\VCRUNTIME140.dll
0x00007ffc7be70000 - 0x00007ffc7c021000 	C:\Windows\System32\USER32.dll
0x00007ffc79f70000 - 0x00007ffc79f96000 	C:\Windows\System32\win32u.dll
0x00007ffc65f70000 - 0x00007ffc6620b000 	C:\Windows\WinSxS\amd64_microsoft.windows.common-controls_6595b64144ccf1df_6.0.22621.5547_none_27104afb73855772\COMCTL32.dll
0x00007ffc7c920000 - 0x00007ffc7c949000 	C:\Windows\System32\GDI32.dll
0x00007ffc7a820000 - 0x00007ffc7a8c7000 	C:\Windows\System32\msvcrt.dll
0x00007ffc79c80000 - 0x00007ffc79da3000 	C:\Windows\System32\gdi32full.dll
0x00007ffc79db0000 - 0x00007ffc79e4a000 	C:\Windows\System32\msvcp_win.dll
0x00007ffc7c030000 - 0x00007ffc7c061000 	C:\Windows\System32\IMM32.DLL
0x00007ffc732c0000 - 0x00007ffc732cc000 	C:\Program Files\Java\jdk-23\bin\vcruntime140_1.dll
0x00007ffc5be50000 - 0x00007ffc5bede000 	C:\Program Files\Java\jdk-23\bin\msvcp140.dll
0x00007ffbf2350000 - 0x00007ffbf30a0000 	C:\Program Files\Java\jdk-23\bin\server\jvm.dll
0x00007ffc7c160000 - 0x00007ffc7c211000 	C:\Windows\System32\ADVAPI32.dll
0x00007ffc7aa70000 - 0x00007ffc7ab18000 	C:\Windows\System32\sechost.dll
0x00007ffc7a730000 - 0x00007ffc7a758000 	C:\Windows\System32\bcrypt.dll
0x00007ffc7c950000 - 0x00007ffc7ca64000 	C:\Windows\System32\RPCRT4.dll
0x00007ffc7ad40000 - 0x00007ffc7adb1000 	C:\Windows\System32\WS2_32.dll
0x00007ffc799a0000 - 0x00007ffc799ed000 	C:\Windows\SYSTEM32\POWRPROF.dll
0x00007ffc750c0000 - 0x00007ffc750f4000 	C:\Windows\SYSTEM32\WINMM.dll
0x00007ffc71710000 - 0x00007ffc7171a000 	C:\Windows\SYSTEM32\VERSION.dll
0x00007ffc79980000 - 0x00007ffc79993000 	C:\Windows\SYSTEM32\UMPDC.dll
0x00007ffc78c80000 - 0x00007ffc78c98000 	C:\Windows\SYSTEM32\kernel.appcore.dll
0x00007ffc68b50000 - 0x00007ffc68b5a000 	C:\Program Files\Java\jdk-23\bin\jimage.dll
0x00007ffc76a70000 - 0x00007ffc76ca3000 	C:\Windows\SYSTEM32\DBGHELP.DLL
0x00007ffc7b210000 - 0x00007ffc7b5a3000 	C:\Windows\System32\combase.dll
0x00007ffc7ca70000 - 0x00007ffc7cb47000 	C:\Windows\System32\OLEAUT32.dll
0x00007ffc64430000 - 0x00007ffc64462000 	C:\Windows\SYSTEM32\dbgcore.DLL
0x00007ffc7a0e0000 - 0x00007ffc7a15b000 	C:\Windows\System32\bcryptPrimitives.dll
0x00007ffc67760000 - 0x00007ffc6777e000 	C:\Program Files\Java\jdk-23\bin\java.dll
0x00007ffc7a8d0000 - 0x00007ffc7aa70000 	C:\Windows\System32\ole32.dll
0x00007ffc7b5b0000 - 0x00007ffc7be52000 	C:\Windows\System32\SHELL32.dll
0x00007ffc79fa0000 - 0x00007ffc7a0df000 	C:\Windows\System32\wintypes.dll
0x00007ffc77b60000 - 0x00007ffc7847d000 	C:\Windows\SYSTEM32\windows.storage.dll
0x00007ffc7c740000 - 0x00007ffc7c84c000 	C:\Windows\System32\SHCORE.dll
0x00007ffc7af30000 - 0x00007ffc7af99000 	C:\Windows\System32\shlwapi.dll
0x00007ffc79bb0000 - 0x00007ffc79bdb000 	C:\Windows\SYSTEM32\profapi.dll
0x00007ffc57f40000 - 0x00007ffc58017000 	C:\Program Files\Java\jdk-23\bin\jsvml.dll
0x00007ffc67530000 - 0x00007ffc67540000 	C:\Program Files\Java\jdk-23\bin\net.dll
0x00007ffc79110000 - 0x00007ffc79179000 	C:\Windows\system32\mswsock.dll
0x00007ffc67350000 - 0x00007ffc67366000 	C:\Program Files\Java\jdk-23\bin\nio.dll
0x00007ffc67420000 - 0x00007ffc67437000 	C:\Program Files\Java\jdk-23\bin\zip.dll
0x00007ffbf5df0000 - 0x00007ffbf5f7e000 	C:\Program Files\Java\jdk-23\bin\awt.dll
0x00007ffc74ad0000 - 0x00007ffc74b67000 	C:\Windows\SYSTEM32\apphelp.dll
0x00007ffc774c0000 - 0x00007ffc774ee000 	C:\Windows\system32\DWMAPI.DLL
0x00007ffc77220000 - 0x00007ffc772d4000 	C:\Windows\system32\uxtheme.dll
0x00007ffc11e10000 - 0x00007ffc11f10000 	C:\Windows\system32\opengl32.dll
0x00007ffc11d50000 - 0x00007ffc11d7d000 	C:\Windows\SYSTEM32\GLU32.dll
0x00007ffc77350000 - 0x00007ffc77387000 	C:\Windows\SYSTEM32\dxcore.dll
0x00007ffc7abd0000 - 0x00007ffc7ad30000 	C:\Windows\System32\MSCTF.dll
0x00007ffc180c0000 - 0x00007ffc18268000 	C:\Windows\system32\d3d9.dll
0x00007ffc14870000 - 0x00007ffc180b4000 	C:\Windows\System32\DriverStore\FileRepository\u0413130.inf_amd64_8794407b7bd265d7\B412889\amdxn64.dll
0x00007ffc7c2a0000 - 0x00007ffc7c714000 	C:\Windows\System32\SETUPAPI.dll
0x00007ffc77390000 - 0x00007ffc77487000 	C:\Windows\SYSTEM32\dxgi.dll
0x00007ffc6aa10000 - 0x00007ffc6aa47000 	C:\Windows\System32\DriverStore\FileRepository\u0413130.inf_amd64_8794407b7bd265d7\B412889\amdihk64.dll
0x00007ffc715f0000 - 0x00007ffc7163a000 	C:\Windows\SYSTEM32\directxdatabasehelper.dll
0x00007ffc56f20000 - 0x00007ffc56fa7000 	C:\Program Files\Java\jdk-23\bin\freetype.dll
0x00007ffc4d520000 - 0x00007ffc4d5f7000 	C:\Program Files\Java\jdk-23\bin\fontmanager.dll
0x00007ffc7ab20000 - 0x00007ffc7abd0000 	C:\Windows\System32\clbcatq.dll
0x00007ffc76f90000 - 0x00007ffc77141000 	C:\Windows\SYSTEM32\WindowsCodecs.dll
0x00007ffc59aa0000 - 0x00007ffc59afe000 	C:\Windows\system32\dataexchange.dll
0x00007ffc70bb0000 - 0x00007ffc70e56000 	C:\Windows\system32\twinapi.appcore.dll
0x00007ffc66990000 - 0x00007ffc66ad6000 	C:\Windows\SYSTEM32\textinputframework.dll

dbghelp: loaded successfully - version: 4.0.5 - missing functions: none
symbol engine: initialized successfully - sym options: 0x614 - pdb path: .;C:\Program Files\Java\jdk-23\bin;C:\Windows\SYSTEM32;C:\Windows\WinSxS\amd64_microsoft.windows.common-controls_6595b64144ccf1df_6.0.22621.5547_none_27104afb73855772;C:\Program Files\Java\jdk-23\bin\server;C:\Windows\System32\DriverStore\FileRepository\u0413130.inf_amd64_8794407b7bd265d7\B412889

VM Arguments:
jvm_args: -Dfile.encoding=UTF-8 --module-path=C:\Users\smshu\OneDrive\Documents\NetBeansProjects\bank management syste\build\classes 
java_command: bank.management.syste.SignupTow
java_class_path (initial): C:\Program Files\Java\jdk-17\bin\server;C:\Users\smshu\OneDrive\Documents\JavaPractice\jcalendar-tz-1.3.3-4.jar;C:\Users\smshu\OneDrive\Documents\JavaPractice\mysql-connector-java-8.0.28.jar;C:\Users\smshu\OneDrive\Documents\NetBeansProjects\bank management syste\build\classes
Launcher Type: SUN_STANDARD

[Global flags]
     intx CICompilerCount                          = 4                                         {product} {ergonomic}
     uint ConcGCThreads                            = 2                                         {product} {ergonomic}
     uint G1ConcRefinementThreads                  = 8                                         {product} {ergonomic}
   size_t G1HeapRegionSize                         = 1048576                                   {product} {ergonomic}
   size_t InitialHeapSize                          = 96468992                                  {product} {ergonomic}
   size_t MarkStackSize                            = 4194304                                   {product} {ergonomic}
   size_t MarkStackSizeMax                         = 536870912                                 {product} {ergonomic}
   size_t MaxHeapSize                              = 1541406720                                {product} {ergonomic}
   size_t MaxNewSize                               = 924844032                                 {product} {ergonomic}
   size_t MinHeapDeltaBytes                        = 1048576                                   {product} {ergonomic}
   size_t MinHeapSize                              = 8388608                                   {product} {ergonomic}
    uintx NonNMethodCodeHeapSize                   = 5832704                                {pd product} {ergonomic}
    uintx NonProfiledCodeHeapSize                  = 122945536                              {pd product} {ergonomic}
    uintx ProfiledCodeHeapSize                     = 122880000                              {pd product} {ergonomic}
    uintx ReservedCodeCacheSize                    = 251658240                              {pd product} {ergonomic}
     bool SegmentedCodeCache                       = true                                      {product} {ergonomic}
   size_t SoftMaxHeapSize                          = 1541406720                             {manageable} {ergonomic}
     bool UseCompressedOops                        = true                           {product lp64_product} {ergonomic}
     bool UseG1GC                                  = true                                      {product} {ergonomic}
     bool UseLargePagesIndividualAllocation        = false                                  {pd product} {ergonomic}

Logging:
Log output configuration:
 #0: stdout all=warning uptime,level,tags foldmultilines=false
 #1: stderr all=off uptime,level,tags foldmultilines=false

Environment Variables:
PATH=C:\Program Files\Common Files\Oracle\Java\javapath;C:\Program Files (x86)\VMware\VMware Workstation\bin\;C:\Windows\system32;C:\Windows;C:\Windows\System32\Wbem;C:\Windows\System32\WindowsPowerShell\v1.0\;C:\Windows\System32\OpenSSH\;C:\Program Files\Git\cmd;C:\Program Files\Java\jdk-21\bin;C:\Program Files\Java\jdk-23\bin;C:\Program Files\Java\jdk-17\bin;C:\Program Files\MySQL\MySQL Shell 8.0\bin\;C:\Users\smshu\AppData\Local\Programs\Python\Python312\Scripts\;C:\Users\smshu\AppData\Local\Programs\Python\Python312\;C:\Users\smshu\AppData\Local\Microsoft\WindowsApps;C:\Users\smshu\AppData\Local\Programs\Microsoft VS Code\bin;C:\MinGW\bin;
USERNAME=smshu
OS=Windows_NT
PROCESSOR_IDENTIFIER=AMD64 Family 23 Model 160 Stepping 0, AuthenticAMD
TMP=C:\Users\smshu\AppData\Local\Temp
TEMP=C:\Users\smshu\AppData\Local\Temp




Periodic native trim disabled

---------------  S Y S T E M  ---------------

OS:
 Windows 11 , 64 bit Build 22621 (10.0.22621.5415)
OS uptime: 2 days 1:36 hours
Hyper-V role detected

CPU: total 8 (initial active 8) (8 cores per cpu, 2 threads per core) family 23 model 160 stepping 0 microcode 0x0, cx8, cmov, fxsr, ht, mmx, 3dnowpref, sse, sse2, sse3, ssse3, sse4a, sse4.1, sse4.2, popcnt, lzcnt, tsc, tscinvbit, avx, avx2, aes, clmul, bmi1, bmi2, adx, sha, fma, vzeroupper, clflush, clflushopt, hv, rdtscp, rdpid, f16c
Processor Information for the first 8 processors :
  Max Mhz: 2801, Current Mhz: 2801, Mhz Limit: 2801

Memory: 4k page, system-wide physical 5877M (271M free)
TotalPageFile size 24309M (AvailPageFile size 0M)
current process WorkingSet (physical memory assigned to process): 89M, peak: 89M
current process commit charge ("private bytes"): 199M, peak: 199M

vm_info: Java HotSpot(TM) 64-Bit Server VM (23.0.2+7-58) for windows-amd64 JRE (23.0.2+7-58), built on 2024-11-29T09:34:55Z with MS VC++ 17.6 (VS2022)

END.
