#
# There is insufficient memory for the Java Runtime Environment to continue.
# Native memory allocation (malloc) failed to allocate 32744 bytes. Error detail: Chunk::new
# Possible reasons:
#   The system is out of physical RAM or swap space
#   This process is running with CompressedOops enabled, and the Java Heap may be blocking the growth of the native heap
# Possible solutions:
#   Reduce memory load on the system
#   Increase physical memory or swap space
#   Check if swap backing store is full
#   Decrease Java heap size (-Xmx/-Xms)
#   Decrease number of Java threads
#   Decrease Java thread stack sizes (-Xss)
#   Set larger code cache with -XX:ReservedCodeCacheSize=
#   JVM is running with Unscaled Compressed Oops mode in which the Java heap is
#     placed in the first 4GB address space. The Java Heap base address is the
#     maximum limit for the native heap growth. Please use -XX:HeapBaseMinAddress
#     to set the Java Heap base and to place the Java Heap above 4GB virtual address.
# This output file may be truncated or incomplete.
#
#  Out of Memory Error (arena.cpp:149), pid=81644, tid=82768
#
# JRE version: Java(TM) SE Runtime Environment (23.0.2+7) (build 23.0.2+7-58)
# Java VM: Java HotSpot(TM) 64-Bit Server VM (23.0.2+7-58, mixed mode, tiered, compressed oops, compressed class ptrs, g1 gc, windows-amd64)
# No core dump will be written. Minidumps are not enabled by default on client versions of Windows
#

---------------  S U M M A R Y ------------

Command Line: -Dfile.encoding=UTF-8 --module-path=C:\Users\smshu\OneDrive\Documents\NetBeansProjects\bank management syste\build\classes bank.management.syste.Login

Host: AMD Ryzen 5 7520U with Radeon Graphics         , 8 cores, 5G,  Windows 11 , 64 bit Build 22621 (10.0.22621.5415)
Time: Tue Jul 22 16:09:36 2025 India Standard Time elapsed time: 0.331046 seconds (0d 0h 0m 0s)

---------------  T H R E A D  ---------------

Current thread (0x0000023fd36e72d0):  JavaThread "C2 CompilerThread0" daemon [_thread_in_native, id=82768, stack(0x0000007494f00000,0x0000007495000000) (1024K)]


Current CompileTask:
C2:331  350       4       jdk.internal.org.objectweb.asm.ByteVector::putUTF8 (144 bytes)

Stack: [0x0000007494f00000,0x0000007495000000]
Native frames: (J=compiled Java code, j=interpreted, Vv=VM code, C=native code)
V  [jvm.dll+0x6e0b99]  (no source info available)
V  [jvm.dll+0x87e2b3]  (no source info available)
V  [jvm.dll+0x88073e]  (no source info available)
V  [jvm.dll+0x880e13]  (no source info available)
V  [jvm.dll+0x27b006]  (no source info available)
V  [jvm.dll+0xbc06f]  (no source info available)
V  [jvm.dll+0xbc2cb]  (no source info available)
V  [jvm.dll+0x70b70a]  (no source info available)
V  [jvm.dll+0x1dc57b]  (no source info available)
V  [jvm.dll+0x244ce5]  (no source info available)
V  [jvm.dll+0x243eff]  (no source info available)
V  [jvm.dll+0x1c34b0]  (no source info available)
V  [jvm.dll+0x253df1]  (no source info available)
V  [jvm.dll+0x2520aa]  (no source info available)
V  [jvm.dll+0x3ee226]  (no source info available)
V  [jvm.dll+0x8254cb]  (no source info available)
V  [jvm.dll+0x6df345]  (no source info available)
C  [ucrtbase.dll+0x29333]  (no source info available)
C  [KERNEL32.DLL+0x1259d]  (no source info available)
C  [ntdll.dll+0x5af78]  (no source info available)

Lock stack of current Java thread (top to bottom):


---------------  P R O C E S S  ---------------

Threads class SMR info:
_java_thread_list=0x0000023fd396f3c0, length=11, elements={
0x0000023fb74cb820, 0x0000023fd36d65d0, 0x0000023fd36c2c50, 0x0000023fd36c46c0,
0x0000023fd36c5530, 0x0000023fd36c5f90, 0x0000023fd36c6ba0, 0x0000023fd36e72d0,
0x0000023fd36cb240, 0x0000023fd35d7b20, 0x0000023fd39d9f60
}

Java Threads: ( => current thread )
  0x0000023fb74cb820 JavaThread "main"                              [_thread_in_vm, id=86060, stack(0x0000007494100000,0x0000007494200000) (1024K)]
  0x0000023fd36d65d0 JavaThread "Reference Handler"          daemon [_thread_blocked, id=85488, stack(0x0000007494900000,0x0000007494a00000) (1024K)]
  0x0000023fd36c2c50 JavaThread "Finalizer"                  daemon [_thread_blocked, id=87288, stack(0x0000007494a00000,0x0000007494b00000) (1024K)]
  0x0000023fd36c46c0 JavaThread "Signal Dispatcher"          daemon [_thread_blocked, id=81804, stack(0x0000007494b00000,0x0000007494c00000) (1024K)]
  0x0000023fd36c5530 JavaThread "Attach Listener"            daemon [_thread_blocked, id=84100, stack(0x0000007494c00000,0x0000007494d00000) (1024K)]
  0x0000023fd36c5f90 JavaThread "Service Thread"             daemon [_thread_blocked, id=83820, stack(0x0000007494d00000,0x0000007494e00000) (1024K)]
  0x0000023fd36c6ba0 JavaThread "Monitor Deflation Thread"   daemon [_thread_blocked, id=75604, stack(0x0000007494e00000,0x0000007494f00000) (1024K)]
=>0x0000023fd36e72d0 JavaThread "C2 CompilerThread0"         daemon [_thread_in_native, id=82768, stack(0x0000007494f00000,0x0000007495000000) (1024K)]
  0x0000023fd36cb240 JavaThread "C1 CompilerThread0"         daemon [_thread_in_native, id=71008, stack(0x0000007495000000,0x0000007495100000) (1024K)]
  0x0000023fd35d7b20 JavaThread "Common-Cleaner"             daemon [_thread_blocked, id=79832, stack(0x0000007495100000,0x0000007495200000) (1024K)]
  0x0000023fd39d9f60 JavaThread "Notification Thread"        daemon [_thread_blocked, id=77316, stack(0x0000007495200000,0x0000007495300000) (1024K)]
Total: 11

Other Threads:
  0x0000023fd365b740 VMThread "VM Thread"                           [id=80308, stack(0x0000007494800000,0x0000007494900000) (1024K)]
  0x0000023fd35d6910 WatcherThread "VM Periodic Task Thread"        [id=82288, stack(0x0000007494700000,0x0000007494800000) (1024K)]
  0x0000023fb7512950 WorkerThread "GC Thread#0"                     [id=85080, stack(0x0000007494200000,0x0000007494300000) (1024K)]
  0x0000023fb7521f50 ConcurrentGCThread "G1 Main Marker"            [id=4376, stack(0x0000007494300000,0x0000007494400000) (1024K)]
  0x0000023fb7522c10 WorkerThread "G1 Conc#0"                       [id=74352, stack(0x0000007494400000,0x0000007494500000) (1024K)]
  0x0000023fb757e9f0 ConcurrentGCThread "G1 Refine#0"               [id=80124, stack(0x0000007494500000,0x0000007494600000) (1024K)]
  0x0000023fd34abb80 ConcurrentGCThread "G1 Service"                [id=86384, stack(0x0000007494600000,0x0000007494700000) (1024K)]
Total: 7

Threads with active compile tasks:
C2 CompilerThread0  380  350       4       jdk.internal.org.objectweb.asm.ByteVector::putUTF8 (144 bytes)
C1 CompilerThread0  380  352       3       jdk.internal.org.objectweb.asm.Frame::execute (2305 bytes)
Total: 2

VM state: not at safepoint (normal execution)

VM Mutex/Monitor currently owned by a thread: None

Heap address: 0x00000000a4200000, size: 1470 MB, Compressed Oops mode: 32-bit

CDS archive(s) not mapped
Compressed class space mapped at: 0x0000000005000000-0x0000000045000000, reserved size: 1073741824
Narrow klass base: 0x0000000000000000, Narrow klass shift: 0, Narrow klass range: 0x45000000

GC Precious Log:
 CardTable entry size: 512
 Card Set container configuration: InlinePtr #cards 5 size 8 Array Of Cards #cards 10 size 36 Howl #buckets 4 coarsen threshold 1843 Howl Bitmap #cards 512 size 80 coarsen threshold 460 Card regions per heap region 1 cards per card region 2048
 CPUs: 8 total, 8 available
 Memory: 5877M
 Large Page Support: Disabled
 NUMA Support: Disabled
 Compressed Oops: Enabled (32-bit)
 Heap Region Size: 1M
 Heap Min Capacity: 8M
 Heap Initial Capacity: 92M
 Heap Max Capacity: 1470M
 Pre-touch: Disabled
 Parallel Workers: 8
 Concurrent Workers: 2
 Concurrent Refinement Workers: 8
 Periodic GC: Disabled

Heap:
 garbage-first heap   total reserved 1505280K, committed 94208K, used 3072K [0x00000000a4200000, 0x0000000100000000)
  region size 1024K, 4 young (4096K), 0 survivors (0K)
 Metaspace       used 8207K, committed 8384K, reserved 1114112K
  class space    used 743K, committed 832K, reserved 1048576K

Heap Regions: E=young(eden), S=young(survivor), O=old, HS=humongous(starts), HC=humongous(continues), CS=collection set, F=free, TAMS=top-at-mark-start, PB=parsable bottom
|   0|0x00000000a4200000, 0x00000000a4200000, 0x00000000a4300000|  0%| F|  |TAMS 0x00000000a4200000| PB 0x00000000a4200000| Untracked |  0
|   1|0x00000000a4300000, 0x00000000a4300000, 0x00000000a4400000|  0%| F|  |TAMS 0x00000000a4300000| PB 0x00000000a4300000| Untracked |  0
|   2|0x00000000a4400000, 0x00000000a4400000, 0x00000000a4500000|  0%| F|  |TAMS 0x00000000a4400000| PB 0x00000000a4400000| Untracked |  0
|   3|0x00000000a4500000, 0x00000000a4500000, 0x00000000a4600000|  0%| F|  |TAMS 0x00000000a4500000| PB 0x00000000a4500000| Untracked |  0
|   4|0x00000000a4600000, 0x00000000a4600000, 0x00000000a4700000|  0%| F|  |TAMS 0x00000000a4600000| PB 0x00000000a4600000| Untracked |  0
|   5|0x00000000a4700000, 0x00000000a4700000, 0x00000000a4800000|  0%| F|  |TAMS 0x00000000a4700000| PB 0x00000000a4700000| Untracked |  0
|   6|0x00000000a4800000, 0x00000000a4800000, 0x00000000a4900000|  0%| F|  |TAMS 0x00000000a4800000| PB 0x00000000a4800000| Untracked |  0
|   7|0x00000000a4900000, 0x00000000a4900000, 0x00000000a4a00000|  0%| F|  |TAMS 0x00000000a4900000| PB 0x00000000a4900000| Untracked |  0
|   8|0x00000000a4a00000, 0x00000000a4a00000, 0x00000000a4b00000|  0%| F|  |TAMS 0x00000000a4a00000| PB 0x00000000a4a00000| Untracked |  0
|   9|0x00000000a4b00000, 0x00000000a4b00000, 0x00000000a4c00000|  0%| F|  |TAMS 0x00000000a4b00000| PB 0x00000000a4b00000| Untracked |  0
|  10|0x00000000a4c00000, 0x00000000a4c00000, 0x00000000a4d00000|  0%| F|  |TAMS 0x00000000a4c00000| PB 0x00000000a4c00000| Untracked |  0
|  11|0x00000000a4d00000, 0x00000000a4d00000, 0x00000000a4e00000|  0%| F|  |TAMS 0x00000000a4d00000| PB 0x00000000a4d00000| Untracked |  0
|  12|0x00000000a4e00000, 0x00000000a4e00000, 0x00000000a4f00000|  0%| F|  |TAMS 0x00000000a4e00000| PB 0x00000000a4e00000| Untracked |  0
|  13|0x00000000a4f00000, 0x00000000a4f00000, 0x00000000a5000000|  0%| F|  |TAMS 0x00000000a4f00000| PB 0x00000000a4f00000| Untracked |  0
|  14|0x00000000a5000000, 0x00000000a5000000, 0x00000000a5100000|  0%| F|  |TAMS 0x00000000a5000000| PB 0x00000000a5000000| Untracked |  0
|  15|0x00000000a5100000, 0x00000000a5100000, 0x00000000a5200000|  0%| F|  |TAMS 0x00000000a5100000| PB 0x00000000a5100000| Untracked |  0
|  16|0x00000000a5200000, 0x00000000a5200000, 0x00000000a5300000|  0%| F|  |TAMS 0x00000000a5200000| PB 0x00000000a5200000| Untracked |  0
|  17|0x00000000a5300000, 0x00000000a5300000, 0x00000000a5400000|  0%| F|  |TAMS 0x00000000a5300000| PB 0x00000000a5300000| Untracked |  0
|  18|0x00000000a5400000, 0x00000000a5400000, 0x00000000a5500000|  0%| F|  |TAMS 0x00000000a5400000| PB 0x00000000a5400000| Untracked |  0
|  19|0x00000000a5500000, 0x00000000a5500000, 0x00000000a5600000|  0%| F|  |TAMS 0x00000000a5500000| PB 0x00000000a5500000| Untracked |  0
|  20|0x00000000a5600000, 0x00000000a5600000, 0x00000000a5700000|  0%| F|  |TAMS 0x00000000a5600000| PB 0x00000000a5600000| Untracked |  0
|  21|0x00000000a5700000, 0x00000000a5700000, 0x00000000a5800000|  0%| F|  |TAMS 0x00000000a5700000| PB 0x00000000a5700000| Untracked |  0
|  22|0x00000000a5800000, 0x00000000a5800000, 0x00000000a5900000|  0%| F|  |TAMS 0x00000000a5800000| PB 0x00000000a5800000| Untracked |  0
|  23|0x00000000a5900000, 0x00000000a5900000, 0x00000000a5a00000|  0%| F|  |TAMS 0x00000000a5900000| PB 0x00000000a5900000| Untracked |  0
|  24|0x00000000a5a00000, 0x00000000a5a00000, 0x00000000a5b00000|  0%| F|  |TAMS 0x00000000a5a00000| PB 0x00000000a5a00000| Untracked |  0
|  25|0x00000000a5b00000, 0x00000000a5b00000, 0x00000000a5c00000|  0%| F|  |TAMS 0x00000000a5b00000| PB 0x00000000a5b00000| Untracked |  0
|  26|0x00000000a5c00000, 0x00000000a5c00000, 0x00000000a5d00000|  0%| F|  |TAMS 0x00000000a5c00000| PB 0x00000000a5c00000| Untracked |  0
|  27|0x00000000a5d00000, 0x00000000a5d00000, 0x00000000a5e00000|  0%| F|  |TAMS 0x00000000a5d00000| PB 0x00000000a5d00000| Untracked |  0
|  28|0x00000000a5e00000, 0x00000000a5e00000, 0x00000000a5f00000|  0%| F|  |TAMS 0x00000000a5e00000| PB 0x00000000a5e00000| Untracked |  0
|  29|0x00000000a5f00000, 0x00000000a5f00000, 0x00000000a6000000|  0%| F|  |TAMS 0x00000000a5f00000| PB 0x00000000a5f00000| Untracked |  0
|  30|0x00000000a6000000, 0x00000000a6000000, 0x00000000a6100000|  0%| F|  |TAMS 0x00000000a6000000| PB 0x00000000a6000000| Untracked |  0
|  31|0x00000000a6100000, 0x00000000a6100000, 0x00000000a6200000|  0%| F|  |TAMS 0x00000000a6100000| PB 0x00000000a6100000| Untracked |  0
|  32|0x00000000a6200000, 0x00000000a6200000, 0x00000000a6300000|  0%| F|  |TAMS 0x00000000a6200000| PB 0x00000000a6200000| Untracked |  0
|  33|0x00000000a6300000, 0x00000000a6300000, 0x00000000a6400000|  0%| F|  |TAMS 0x00000000a6300000| PB 0x00000000a6300000| Untracked |  0
|  34|0x00000000a6400000, 0x00000000a6400000, 0x00000000a6500000|  0%| F|  |TAMS 0x00000000a6400000| PB 0x00000000a6400000| Untracked |  0
|  35|0x00000000a6500000, 0x00000000a6500000, 0x00000000a6600000|  0%| F|  |TAMS 0x00000000a6500000| PB 0x00000000a6500000| Untracked |  0
|  36|0x00000000a6600000, 0x00000000a6600000, 0x00000000a6700000|  0%| F|  |TAMS 0x00000000a6600000| PB 0x00000000a6600000| Untracked |  0
|  37|0x00000000a6700000, 0x00000000a6700000, 0x00000000a6800000|  0%| F|  |TAMS 0x00000000a6700000| PB 0x00000000a6700000| Untracked |  0
|  38|0x00000000a6800000, 0x00000000a6800000, 0x00000000a6900000|  0%| F|  |TAMS 0x00000000a6800000| PB 0x00000000a6800000| Untracked |  0
|  39|0x00000000a6900000, 0x00000000a6900000, 0x00000000a6a00000|  0%| F|  |TAMS 0x00000000a6900000| PB 0x00000000a6900000| Untracked |  0
|  40|0x00000000a6a00000, 0x00000000a6a00000, 0x00000000a6b00000|  0%| F|  |TAMS 0x00000000a6a00000| PB 0x00000000a6a00000| Untracked |  0
|  41|0x00000000a6b00000, 0x00000000a6b00000, 0x00000000a6c00000|  0%| F|  |TAMS 0x00000000a6b00000| PB 0x00000000a6b00000| Untracked |  0
|  42|0x00000000a6c00000, 0x00000000a6c00000, 0x00000000a6d00000|  0%| F|  |TAMS 0x00000000a6c00000| PB 0x00000000a6c00000| Untracked |  0
|  43|0x00000000a6d00000, 0x00000000a6d00000, 0x00000000a6e00000|  0%| F|  |TAMS 0x00000000a6d00000| PB 0x00000000a6d00000| Untracked |  0
|  44|0x00000000a6e00000, 0x00000000a6e00000, 0x00000000a6f00000|  0%| F|  |TAMS 0x00000000a6e00000| PB 0x00000000a6e00000| Untracked |  0
|  45|0x00000000a6f00000, 0x00000000a6f00000, 0x00000000a7000000|  0%| F|  |TAMS 0x00000000a6f00000| PB 0x00000000a6f00000| Untracked |  0
|  46|0x00000000a7000000, 0x00000000a7000000, 0x00000000a7100000|  0%| F|  |TAMS 0x00000000a7000000| PB 0x00000000a7000000| Untracked |  0
|  47|0x00000000a7100000, 0x00000000a7100000, 0x00000000a7200000|  0%| F|  |TAMS 0x00000000a7100000| PB 0x00000000a7100000| Untracked |  0
|  48|0x00000000a7200000, 0x00000000a7200000, 0x00000000a7300000|  0%| F|  |TAMS 0x00000000a7200000| PB 0x00000000a7200000| Untracked |  0
|  49|0x00000000a7300000, 0x00000000a7300000, 0x00000000a7400000|  0%| F|  |TAMS 0x00000000a7300000| PB 0x00000000a7300000| Untracked |  0
|  50|0x00000000a7400000, 0x00000000a7400000, 0x00000000a7500000|  0%| F|  |TAMS 0x00000000a7400000| PB 0x00000000a7400000| Untracked |  0
|  51|0x00000000a7500000, 0x00000000a7500000, 0x00000000a7600000|  0%| F|  |TAMS 0x00000000a7500000| PB 0x00000000a7500000| Untracked |  0
|  52|0x00000000a7600000, 0x00000000a7600000, 0x00000000a7700000|  0%| F|  |TAMS 0x00000000a7600000| PB 0x00000000a7600000| Untracked |  0
|  53|0x00000000a7700000, 0x00000000a7700000, 0x00000000a7800000|  0%| F|  |TAMS 0x00000000a7700000| PB 0x00000000a7700000| Untracked |  0
|  54|0x00000000a7800000, 0x00000000a7800000, 0x00000000a7900000|  0%| F|  |TAMS 0x00000000a7800000| PB 0x00000000a7800000| Untracked |  0
|  55|0x00000000a7900000, 0x00000000a7900000, 0x00000000a7a00000|  0%| F|  |TAMS 0x00000000a7900000| PB 0x00000000a7900000| Untracked |  0
|  56|0x00000000a7a00000, 0x00000000a7a00000, 0x00000000a7b00000|  0%| F|  |TAMS 0x00000000a7a00000| PB 0x00000000a7a00000| Untracked |  0
|  57|0x00000000a7b00000, 0x00000000a7b00000, 0x00000000a7c00000|  0%| F|  |TAMS 0x00000000a7b00000| PB 0x00000000a7b00000| Untracked |  0
|  58|0x00000000a7c00000, 0x00000000a7c00000, 0x00000000a7d00000|  0%| F|  |TAMS 0x00000000a7c00000| PB 0x00000000a7c00000| Untracked |  0
|  59|0x00000000a7d00000, 0x00000000a7d00000, 0x00000000a7e00000|  0%| F|  |TAMS 0x00000000a7d00000| PB 0x00000000a7d00000| Untracked |  0
|  60|0x00000000a7e00000, 0x00000000a7e00000, 0x00000000a7f00000|  0%| F|  |TAMS 0x00000000a7e00000| PB 0x00000000a7e00000| Untracked |  0
|  61|0x00000000a7f00000, 0x00000000a7f00000, 0x00000000a8000000|  0%| F|  |TAMS 0x00000000a7f00000| PB 0x00000000a7f00000| Untracked |  0
|  62|0x00000000a8000000, 0x00000000a8000000, 0x00000000a8100000|  0%| F|  |TAMS 0x00000000a8000000| PB 0x00000000a8000000| Untracked |  0
|  63|0x00000000a8100000, 0x00000000a8100000, 0x00000000a8200000|  0%| F|  |TAMS 0x00000000a8100000| PB 0x00000000a8100000| Untracked |  0
|  64|0x00000000a8200000, 0x00000000a8200000, 0x00000000a8300000|  0%| F|  |TAMS 0x00000000a8200000| PB 0x00000000a8200000| Untracked |  0
|  65|0x00000000a8300000, 0x00000000a8300000, 0x00000000a8400000|  0%| F|  |TAMS 0x00000000a8300000| PB 0x00000000a8300000| Untracked |  0
|  66|0x00000000a8400000, 0x00000000a8400000, 0x00000000a8500000|  0%| F|  |TAMS 0x00000000a8400000| PB 0x00000000a8400000| Untracked |  0
|  67|0x00000000a8500000, 0x00000000a8500000, 0x00000000a8600000|  0%| F|  |TAMS 0x00000000a8500000| PB 0x00000000a8500000| Untracked |  0
|  68|0x00000000a8600000, 0x00000000a8600000, 0x00000000a8700000|  0%| F|  |TAMS 0x00000000a8600000| PB 0x00000000a8600000| Untracked |  0
|  69|0x00000000a8700000, 0x00000000a8700000, 0x00000000a8800000|  0%| F|  |TAMS 0x00000000a8700000| PB 0x00000000a8700000| Untracked |  0
|  70|0x00000000a8800000, 0x00000000a8800000, 0x00000000a8900000|  0%| F|  |TAMS 0x00000000a8800000| PB 0x00000000a8800000| Untracked |  0
|  71|0x00000000a8900000, 0x00000000a8900000, 0x00000000a8a00000|  0%| F|  |TAMS 0x00000000a8900000| PB 0x00000000a8900000| Untracked |  0
|  72|0x00000000a8a00000, 0x00000000a8a00000, 0x00000000a8b00000|  0%| F|  |TAMS 0x00000000a8a00000| PB 0x00000000a8a00000| Untracked |  0
|  73|0x00000000a8b00000, 0x00000000a8b00000, 0x00000000a8c00000|  0%| F|  |TAMS 0x00000000a8b00000| PB 0x00000000a8b00000| Untracked |  0
|  74|0x00000000a8c00000, 0x00000000a8c00000, 0x00000000a8d00000|  0%| F|  |TAMS 0x00000000a8c00000| PB 0x00000000a8c00000| Untracked |  0
|  75|0x00000000a8d00000, 0x00000000a8d00000, 0x00000000a8e00000|  0%| F|  |TAMS 0x00000000a8d00000| PB 0x00000000a8d00000| Untracked |  0
|  76|0x00000000a8e00000, 0x00000000a8e00000, 0x00000000a8f00000|  0%| F|  |TAMS 0x00000000a8e00000| PB 0x00000000a8e00000| Untracked |  0
|  77|0x00000000a8f00000, 0x00000000a8f00000, 0x00000000a9000000|  0%| F|  |TAMS 0x00000000a8f00000| PB 0x00000000a8f00000| Untracked |  0
|  78|0x00000000a9000000, 0x00000000a9000000, 0x00000000a9100000|  0%| F|  |TAMS 0x00000000a9000000| PB 0x00000000a9000000| Untracked |  0
|  79|0x00000000a9100000, 0x00000000a9100000, 0x00000000a9200000|  0%| F|  |TAMS 0x00000000a9100000| PB 0x00000000a9100000| Untracked |  0
|  80|0x00000000a9200000, 0x00000000a9200000, 0x00000000a9300000|  0%| F|  |TAMS 0x00000000a9200000| PB 0x00000000a9200000| Untracked |  0
|  81|0x00000000a9300000, 0x00000000a9300000, 0x00000000a9400000|  0%| F|  |TAMS 0x00000000a9300000| PB 0x00000000a9300000| Untracked |  0
|  82|0x00000000a9400000, 0x00000000a9400000, 0x00000000a9500000|  0%| F|  |TAMS 0x00000000a9400000| PB 0x00000000a9400000| Untracked |  0
|  83|0x00000000a9500000, 0x00000000a9500000, 0x00000000a9600000|  0%| F|  |TAMS 0x00000000a9500000| PB 0x00000000a9500000| Untracked |  0
|  84|0x00000000a9600000, 0x00000000a9600000, 0x00000000a9700000|  0%| F|  |TAMS 0x00000000a9600000| PB 0x00000000a9600000| Untracked |  0
|  85|0x00000000a9700000, 0x00000000a9700000, 0x00000000a9800000|  0%| F|  |TAMS 0x00000000a9700000| PB 0x00000000a9700000| Untracked |  0
|  86|0x00000000a9800000, 0x00000000a9800000, 0x00000000a9900000|  0%| F|  |TAMS 0x00000000a9800000| PB 0x00000000a9800000| Untracked |  0
|  87|0x00000000a9900000, 0x00000000a9900000, 0x00000000a9a00000|  0%| F|  |TAMS 0x00000000a9900000| PB 0x00000000a9900000| Untracked |  0
|  88|0x00000000a9a00000, 0x00000000a9a7b220, 0x00000000a9b00000| 48%| E|  |TAMS 0x00000000a9a00000| PB 0x00000000a9a00000| Complete |  0
|  89|0x00000000a9b00000, 0x00000000a9c00000, 0x00000000a9c00000|100%| E|CS|TAMS 0x00000000a9b00000| PB 0x00000000a9b00000| Complete |  0
|  90|0x00000000a9c00000, 0x00000000a9d00000, 0x00000000a9d00000|100%| E|CS|TAMS 0x00000000a9c00000| PB 0x00000000a9c00000| Complete |  0
|  91|0x00000000a9d00000, 0x00000000a9e00000, 0x00000000a9e00000|100%| E|CS|TAMS 0x00000000a9d00000| PB 0x00000000a9d00000| Complete |  0

Card table byte_map: [0x0000023fcf210000,0x0000023fcf4f0000] _byte_map_base: 0x0000023fcecef000

Marking Bits: (CMBitMap*) 0x0000023fb7513060
 Bits: [0x0000023fcf4f0000, 0x0000023fd0be8000)

Polling page: 0x0000023fb5320000

Metaspace:

Usage:
  Non-class:      7.29 MB used.
      Class:    743.75 KB used.
       Both:      8.02 MB used.

Virtual space:
  Non-class space:       64.00 MB reserved,       7.38 MB ( 12%) committed,  1 nodes.
      Class space:        1.00 GB reserved,     832.00 KB ( <1%) committed,  1 nodes.
             Both:        1.06 GB reserved,       8.19 MB ( <1%) committed. 

Chunk freelists:
   Non-Class:  8.45 MB
       Class:  15.22 MB
        Both:  23.67 MB

MaxMetaspaceSize: unlimited
CompressedClassSpaceSize: 1.00 GB
Initial GC threshold: 21.00 MB
Current GC threshold: 21.00 MB
CDS: off
 - commit_granule_bytes: 65536.
 - commit_granule_words: 8192.
 - virtual_space_node_default_size: 8388608.
 - enlarge_chunks_in_place: 1.
 - use_allocation_guard: 0.


Internal statistics:

num_allocs_failed_limit: 0.
num_arena_births: 56.
num_arena_deaths: 0.
num_vsnodes_births: 2.
num_vsnodes_deaths: 0.
num_space_committed: 131.
num_space_uncommitted: 0.
num_chunks_returned_to_freelist: 0.
num_chunks_taken_from_freelist: 83.
num_chunk_merges: 0.
num_chunk_splits: 44.
num_chunks_enlarged: 14.
num_inconsistent_stats: 0.

CodeHeap 'non-profiled nmethods': size=120064Kb used=119Kb max_used=119Kb free=119944Kb
 bounds [0x0000023fc76c0000, 0x0000023fc7930000, 0x0000023fcec00000]
CodeHeap 'profiled nmethods': size=120000Kb used=287Kb max_used=287Kb free=119712Kb
 bounds [0x0000023fbfc00000, 0x0000023fbfe70000, 0x0000023fc7130000]
CodeHeap 'non-nmethods': size=5696Kb used=1284Kb max_used=1293Kb free=4411Kb
 bounds [0x0000023fc7130000, 0x0000023fc73a0000, 0x0000023fc76c0000]
CodeCache: size=245760Kb, used=1690Kb, max_used=1699Kb, free=244067Kb
 total_blobs=760, nmethods=354, adapters=312, full_count=0
Compilation: enabled, stopped_count=0, restarted_count=0

Compilation events (20 events):
Event: 0.322 Thread 0x0000023fd36cb240  339       3       java.lang.invoke.MemberName::flagsMods (45 bytes)
Event: 0.323 Thread 0x0000023fd36cb240 nmethod 339 0x0000023fbfc45d88 code [0x0000023fbfc45ea0, 0x0000023fbfc45fa8]
Event: 0.323 Thread 0x0000023fd36cb240  340       3       java.lang.invoke.MemberName::init (53 bytes)
Event: 0.323 Thread 0x0000023fd36cb240 nmethod 340 0x0000023fbfc46088 code [0x0000023fbfc461a0, 0x0000023fbfc463d0]
Event: 0.323 Thread 0x0000023fd36cb240  343       3       java.lang.invoke.LambdaForm$NamedFunction::methodType (28 bytes)
Event: 0.323 Thread 0x0000023fd36cb240 nmethod 343 0x0000023fbfc46408 code [0x0000023fbfc46540, 0x0000023fbfc46840]
Event: 0.323 Thread 0x0000023fd36cb240  342       3       java.lang.invoke.MethodType::parameterSlotCount (8 bytes)
Event: 0.323 Thread 0x0000023fd36cb240 nmethod 342 0x0000023fbfc46888 code [0x0000023fbfc469a0, 0x0000023fbfc46ad0]
Event: 0.323 Thread 0x0000023fd36cb240  344       3       java.lang.invoke.LambdaForm$Name::useCount (51 bytes)
Event: 0.323 Thread 0x0000023fd36cb240 nmethod 344 0x0000023fbfc46b88 code [0x0000023fbfc46cc0, 0x0000023fbfc46f10]
Event: 0.323 Thread 0x0000023fd36cb240  345       1       jdk.internal.org.objectweb.asm.SymbolTable::getMajorVersion (5 bytes)
Event: 0.323 Thread 0x0000023fd36cb240 nmethod 345 0x0000023fc76dca88 code [0x0000023fc76dcba0, 0x0000023fc76dcc68]
Event: 0.323 Thread 0x0000023fd36cb240  348       3       java.util.Arrays::equals (57 bytes)
Event: 0.323 Thread 0x0000023fd36e72d0  350       4       jdk.internal.org.objectweb.asm.ByteVector::putUTF8 (144 bytes)
Event: 0.324 Thread 0x0000023fd36cb240 nmethod 348 0x0000023fbfc46f88 code [0x0000023fbfc47100, 0x0000023fbfc47648]
Event: 0.324 Thread 0x0000023fd36cb240  349       3       java.lang.invoke.LambdaForm::internArgument (85 bytes)
Event: 0.324 Thread 0x0000023fd36cb240 nmethod 349 0x0000023fbfc47688 code [0x0000023fbfc477e0, 0x0000023fbfc47b08]
Event: 0.324 Thread 0x0000023fd36cb240  351       3       java.util.ImmutableCollections$List12::size (16 bytes)
Event: 0.324 Thread 0x0000023fd36cb240 nmethod 351 0x0000023fbfc47b88 code [0x0000023fbfc47ca0, 0x0000023fbfc47e28]
Event: 0.324 Thread 0x0000023fd36cb240  352       3       jdk.internal.org.objectweb.asm.Frame::execute (2305 bytes)

GC Heap History (0 events):
No events

Dll operation events (6 events):
Event: 0.023 Loaded shared library C:\Program Files\Java\jdk-23\bin\java.dll
Event: 0.094 Loaded shared library C:\Program Files\Java\jdk-23\bin\jsvml.dll
Event: 0.190 Loaded shared library C:\Program Files\Java\jdk-23\bin\net.dll
Event: 0.193 Loaded shared library C:\Program Files\Java\jdk-23\bin\nio.dll
Event: 0.243 Loaded shared library C:\Program Files\Java\jdk-23\bin\jimage.dll
Event: 0.273 Loaded shared library C:\Program Files\Java\jdk-23\bin\awt.dll

Deoptimization events (0 events):
No events

Classes loaded (20 events):
Event: 0.318 Loading class java/util/TreeMap
Event: 0.318 Loading class java/util/NavigableMap
Event: 0.318 Loading class java/util/SortedMap
Event: 0.318 Loading class java/util/SortedMap done
Event: 0.318 Loading class java/util/NavigableMap done
Event: 0.318 Loading class java/util/TreeMap done
Event: 0.318 Loading class java/lang/invoke/LambdaFormEditor$1
Event: 0.319 Loading class java/lang/invoke/LambdaFormEditor$1 done
Event: 0.319 Loading class java/util/TreeMap$Entry
Event: 0.319 Loading class java/util/TreeMap$Entry done
Event: 0.319 Loading class java/util/TreeMap$EntrySet
Event: 0.319 Loading class java/util/TreeMap$EntrySet done
Event: 0.319 Loading class java/util/TreeMap$EntryIterator
Event: 0.319 Loading class java/util/TreeMap$PrivateEntryIterator
Event: 0.319 Loading class java/util/TreeMap$PrivateEntryIterator done
Event: 0.319 Loading class java/util/TreeMap$EntryIterator done
Event: 0.321 Loading class java/io/FileNotFoundException
Event: 0.321 Loading class java/io/FileNotFoundException done
Event: 0.325 Loading class java/lang/invoke/BoundMethodHandle$Species_LLLJ
Event: 0.325 Loading class java/lang/invoke/BoundMethodHandle$Species_LLLJ done

Classes unloaded (0 events):
No events

Classes redefined (0 events):
No events

Internal exceptions (5 events):
Event: 0.196 Thread 0x0000023fb74cb820 Exception <a 'sun/nio/fs/WindowsException'{0x00000000a9c5ff38}> (0x00000000a9c5ff38) 
thrown [s\open\src\hotspot\share\prims\jni.cpp, line 520]
Event: 0.200 Thread 0x0000023fb74cb820 Exception <a 'sun/nio/fs/WindowsException'{0x00000000a9c62670}> (0x00000000a9c62670) 
thrown [s\open\src\hotspot\share\prims\jni.cpp, line 520]
Event: 0.200 Thread 0x0000023fb74cb820 Exception <a 'sun/nio/fs/WindowsException'{0x00000000a9c631d8}> (0x00000000a9c631d8) 
thrown [s\open\src\hotspot\share\prims\jni.cpp, line 520]
Event: 0.257 Thread 0x0000023fb74cb820 Exception <a 'java/lang/ClassNotFoundException'{0x00000000a9b868c0}: sun/awt/resources/spi/awtProvider> (0x00000000a9b868c0) 
thrown [s\open\src\hotspot\share\classfile\systemDictionary.cpp, line 313]
Event: 0.321 Thread 0x0000023fb74cb820 Exception <a 'java/io/FileNotFoundException'{0x00000000a9bdc2e0}> (0x00000000a9bdc2e0) 
thrown [s\open\src\hotspot\share\prims\jni.cpp, line 520]

VM Operations (2 events):
Event: 0.203 Executing VM operation: HandshakeAllThreads (Deoptimize)
Event: 0.203 Executing VM operation: HandshakeAllThreads (Deoptimize) done

Memory protections (0 events):
No events

Nmethod flushes (0 events):
No events

Events (11 events):
Event: 0.037 Thread 0x0000023fb74cb820 Thread added: 0x0000023fb74cb820
Event: 0.090 Thread 0x0000023fb74cb820 Thread added: 0x0000023fd36d65d0
Event: 0.090 Thread 0x0000023fb74cb820 Thread added: 0x0000023fd36c2c50
Event: 0.092 Thread 0x0000023fb74cb820 Thread added: 0x0000023fd36c46c0
Event: 0.092 Thread 0x0000023fb74cb820 Thread added: 0x0000023fd36c5530
Event: 0.092 Thread 0x0000023fb74cb820 Thread added: 0x0000023fd36c5f90
Event: 0.092 Thread 0x0000023fb74cb820 Thread added: 0x0000023fd36c6ba0
Event: 0.092 Thread 0x0000023fb74cb820 Thread added: 0x0000023fd36e72d0
Event: 0.092 Thread 0x0000023fb74cb820 Thread added: 0x0000023fd36cb240
Event: 0.159 Thread 0x0000023fb74cb820 Thread added: 0x0000023fd35d7b20
Event: 0.217 Thread 0x0000023fb74cb820 Thread added: 0x0000023fd39d9f60


Dynamic libraries:
0x00007ff601a60000 - 0x00007ff601a70000 	C:\Program Files\Java\jdk-23\bin\java.exe
0x00007ffe4fd90000 - 0x00007ffe4ffa7000 	C:\Windows\SYSTEM32\ntdll.dll
0x00007ffe4de50000 - 0x00007ffe4df14000 	C:\Windows\System32\KERNEL32.DLL
0x00007ffe4ce80000 - 0x00007ffe4d252000 	C:\Windows\System32\KERNELBASE.dll
0x00007ffe47a10000 - 0x00007ffe47aa7000 	C:\Windows\SYSTEM32\apphelp.dll
0x00007ffe4d3d0000 - 0x00007ffe4d4e1000 	C:\Windows\System32\ucrtbase.dll
0x00007ffe286e0000 - 0x00007ffe286f7000 	C:\Program Files\Java\jdk-23\bin\jli.dll
0x00007ffe2d710000 - 0x00007ffe2d72b000 	C:\Program Files\Java\jdk-23\bin\VCRUNTIME140.dll
0x00007ffe4f120000 - 0x00007ffe4f2d1000 	C:\Windows\System32\USER32.dll
0x00007ffe4d9c0000 - 0x00007ffe4d9e6000 	C:\Windows\System32\win32u.dll
0x00007ffe4e190000 - 0x00007ffe4e1b9000 	C:\Windows\System32\GDI32.dll
0x00007ffe4d5b0000 - 0x00007ffe4d6d3000 	C:\Windows\System32\gdi32full.dll
0x00007ffe4d760000 - 0x00007ffe4d7fa000 	C:\Windows\System32\msvcp_win.dll
0x00007ffe3b330000 - 0x00007ffe3b5cb000 	C:\Windows\WinSxS\amd64_microsoft.windows.common-controls_6595b64144ccf1df_6.0.22621.5547_none_27104afb73855772\COMCTL32.dll
0x00007ffe4f340000 - 0x00007ffe4f3e7000 	C:\Windows\System32\msvcrt.dll
0x00007ffe4fbf0000 - 0x00007ffe4fc21000 	C:\Windows\System32\IMM32.DLL
0x00007ffe44c20000 - 0x00007ffe44c2c000 	C:\Program Files\Java\jdk-23\bin\vcruntime140_1.dll
0x00007ffe10bd0000 - 0x00007ffe10c5e000 	C:\Program Files\Java\jdk-23\bin\msvcp140.dll
0x00007ffdb0a90000 - 0x00007ffdb17e0000 	C:\Program Files\Java\jdk-23\bin\server\jvm.dll
0x00007ffe4eb50000 - 0x00007ffe4ec01000 	C:\Windows\System32\ADVAPI32.dll
0x00007ffe4df20000 - 0x00007ffe4dfc8000 	C:\Windows\System32\sechost.dll
0x00007ffe4d9f0000 - 0x00007ffe4da18000 	C:\Windows\System32\bcrypt.dll
0x00007ffe4fc30000 - 0x00007ffe4fd44000 	C:\Windows\System32\RPCRT4.dll
0x00007ffe4ead0000 - 0x00007ffe4eb41000 	C:\Windows\System32\WS2_32.dll
0x00007ffe483a0000 - 0x00007ffe483d4000 	C:\Windows\SYSTEM32\WINMM.dll
0x00007ffe4cca0000 - 0x00007ffe4cced000 	C:\Windows\SYSTEM32\POWRPROF.dll
0x00007ffe43980000 - 0x00007ffe4398a000 	C:\Windows\SYSTEM32\VERSION.dll
0x00007ffe4cc80000 - 0x00007ffe4cc93000 	C:\Windows\SYSTEM32\UMPDC.dll
0x00007ffe4beb0000 - 0x00007ffe4bec8000 	C:\Windows\SYSTEM32\kernel.appcore.dll
0x00007ffe30040000 - 0x00007ffe3004a000 	C:\Program Files\Java\jdk-23\bin\jimage.dll
0x00007ffe4a2f0000 - 0x00007ffe4a523000 	C:\Windows\SYSTEM32\DBGHELP.DLL
0x00007ffe4ec10000 - 0x00007ffe4efa3000 	C:\Windows\System32\combase.dll
0x00007ffe4efb0000 - 0x00007ffe4f087000 	C:\Windows\System32\OLEAUT32.dll
0x00007ffe44420000 - 0x00007ffe44452000 	C:\Windows\SYSTEM32\dbgcore.DLL
0x00007ffe4d800000 - 0x00007ffe4d87b000 	C:\Windows\System32\bcryptPrimitives.dll
0x00007ffe28db0000 - 0x00007ffe28dce000 	C:\Program Files\Java\jdk-23\bin\java.dll
0x00007ffe4dfd0000 - 0x00007ffe4e170000 	C:\Windows\System32\ole32.dll
0x00007ffe4e220000 - 0x00007ffe4eac2000 	C:\Windows\System32\SHELL32.dll
0x00007ffe4d880000 - 0x00007ffe4d9bf000 	C:\Windows\System32\wintypes.dll
0x00007ffe4ad70000 - 0x00007ffe4b68d000 	C:\Windows\SYSTEM32\windows.storage.dll
0x00007ffe4dae0000 - 0x00007ffe4dbec000 	C:\Windows\System32\SHCORE.dll
0x00007ffe4dbf0000 - 0x00007ffe4dc59000 	C:\Windows\System32\shlwapi.dll
0x00007ffe4cdb0000 - 0x00007ffe4cddb000 	C:\Windows\SYSTEM32\profapi.dll
0x00007ffdf2280000 - 0x00007ffdf2357000 	C:\Program Files\Java\jdk-23\bin\jsvml.dll
0x00007ffe2d6c0000 - 0x00007ffe2d6d0000 	C:\Program Files\Java\jdk-23\bin\net.dll
0x00007ffe4c330000 - 0x00007ffe4c399000 	C:\Windows\system32\mswsock.dll
0x00007ffe205e0000 - 0x00007ffe205f6000 	C:\Program Files\Java\jdk-23\bin\nio.dll
0x00007ffdefd20000 - 0x00007ffdefeae000 	C:\Program Files\Java\jdk-23\bin\awt.dll

dbghelp: loaded successfully - version: 4.0.5 - missing functions: none
symbol engine: initialized successfully - sym options: 0x614 - pdb path: .;C:\Program Files\Java\jdk-23\bin;C:\Windows\SYSTEM32;C:\Windows\WinSxS\amd64_microsoft.windows.common-controls_6595b64144ccf1df_6.0.22621.5547_none_27104afb73855772;C:\Program Files\Java\jdk-23\bin\server

VM Arguments:
jvm_args: -Dfile.encoding=UTF-8 --module-path=C:\Users\smshu\OneDrive\Documents\NetBeansProjects\bank management syste\build\classes 
java_command: bank.management.syste.Login
java_class_path (initial): C:\Users\smshu\OneDrive\Documents\NetBeansProjects\bank management syste\build\classes
Launcher Type: SUN_STANDARD

[Global flags]
     intx CICompilerCount                          = 4                                         {product} {ergonomic}
     uint ConcGCThreads                            = 2                                         {product} {ergonomic}
     uint G1ConcRefinementThreads                  = 8                                         {product} {ergonomic}
   size_t G1HeapRegionSize                         = 1048576                                   {product} {ergonomic}
   size_t InitialHeapSize                          = 96468992                                  {product} {ergonomic}
   size_t MarkStackSize                            = 4194304                                   {product} {ergonomic}
   size_t MarkStackSizeMax                         = 536870912                                 {product} {ergonomic}
   size_t MaxHeapSize                              = 1541406720                                {product} {ergonomic}
   size_t MaxNewSize                               = 924844032                                 {product} {ergonomic}
   size_t MinHeapDeltaBytes                        = 1048576                                   {product} {ergonomic}
   size_t MinHeapSize                              = 8388608                                   {product} {ergonomic}
    uintx NonNMethodCodeHeapSize                   = 5832704                                {pd product} {ergonomic}
    uintx NonProfiledCodeHeapSize                  = 122945536                              {pd product} {ergonomic}
    uintx ProfiledCodeHeapSize                     = 122880000                              {pd product} {ergonomic}
    uintx ReservedCodeCacheSize                    = 251658240                              {pd product} {ergonomic}
     bool SegmentedCodeCache                       = true                                      {product} {ergonomic}
   size_t SoftMaxHeapSize                          = 1541406720                             {manageable} {ergonomic}
     bool UseCompressedOops                        = true                           {product lp64_product} {ergonomic}
     bool UseG1GC                                  = true                                      {product} {ergonomic}
     bool UseLargePagesIndividualAllocation        = false                                  {pd product} {ergonomic}

Logging:
Log output configuration:
 #0: stdout all=warning uptime,level,tags foldmultilines=false
 #1: stderr all=off uptime,level,tags foldmultilines=false

Environment Variables:
PATH=C:\Program Files\Common Files\Oracle\Java\javapath;C:\Program Files (x86)\VMware\VMware Workstation\bin\;C:\Windows\system32;C:\Windows;C:\Windows\System32\Wbem;C:\Windows\System32\WindowsPowerShell\v1.0\;C:\Windows\System32\OpenSSH\;C:\Program Files\Git\cmd;C:\Program Files\Java\jdk-21\bin;C:\Program Files\Java\jdk-23\bin;C:\Program Files\Java\jdk-17\bin;C:\Program Files\MySQL\MySQL Shell 8.0\bin\;C:\Users\smshu\AppData\Local\Programs\Python\Python312\Scripts\;C:\Users\smshu\AppData\Local\Programs\Python\Python312\;C:\Users\smshu\AppData\Local\Microsoft\WindowsApps;C:\Users\smshu\AppData\Local\Programs\Microsoft VS Code\bin;C:\MinGW\bin;
USERNAME=smshu
OS=Windows_NT
PROCESSOR_IDENTIFIER=AMD64 Family 23 Model 160 Stepping 0, AuthenticAMD
TMP=C:\Users\smshu\AppData\Local\Temp
TEMP=C:\Users\smshu\AppData\Local\Temp




Periodic native trim disabled

---------------  S Y S T E M  ---------------

OS:
 Windows 11 , 64 bit Build 22621 (10.0.22621.5415)
OS uptime: 9 days 15:47 hours
Hyper-V role detected

CPU: total 8 (initial active 8) (8 cores per cpu, 2 threads per core) family 23 model 160 stepping 0 microcode 0x0, cx8, cmov, fxsr, ht, mmx, 3dnowpref, sse, sse2, sse3, ssse3, sse4a, sse4.1, sse4.2, popcnt, lzcnt, tsc, tscinvbit, avx, avx2, aes, clmul, bmi1, bmi2, adx, sha, fma, vzeroupper, clflush, clflushopt, hv, rdtscp, rdpid, f16c
Processor Information for the first 8 processors :
  Max Mhz: 2801, Current Mhz: 2801, Mhz Limit: 2801

Memory: 4k page, system-wide physical 5877M (367M free)
TotalPageFile size 24309M (AvailPageFile size 3M)
current process WorkingSet (physical memory assigned to process): 40M, peak: 40M
current process commit charge ("private bytes"): 172M, peak: 172M

vm_info: Java HotSpot(TM) 64-Bit Server VM (23.0.2+7-58) for windows-amd64 JRE (23.0.2+7-58), built on 2024-11-29T09:34:55Z with MS VC++ 17.6 (VS2022)

END.
